[0.346s] DEBUG:colcon:Command line arguments: ['/usr/bin/colcon', 'build', '--symlink-install']
[0.347s] DEBUG:colcon:Parsed command line arguments: Namespace(log_base=None, log_level=None, verb_name='build', build_base='build', install_base='install', merge_install=False, symlink_install=True, test_result_base=None, continue_on_error=False, executor='parallel', parallel_workers=4, event_handlers=None, ignore_user_meta=False, metas=['./colcon.meta'], base_paths=['.'], packages_ignore=None, packages_ignore_regex=None, paths=None, packages_up_to=None, packages_up_to_regex=None, packages_above=None, packages_above_and_dependencies=None, packages_above_depth=None, packages_select_by_dep=None, packages_skip_by_dep=None, packages_skip_up_to=None, packages_select_build_failed=False, packages_skip_build_finished=False, packages_select_test_failures=False, packages_skip_test_passed=False, packages_select=None, packages_skip=None, packages_select_regex=None, packages_skip_regex=None, packages_start=None, packages_end=None, cmake_args=None, cmake_target=None, cmake_target_skip_unavailable=False, cmake_clean_cache=False, cmake_clean_first=False, cmake_force_configure=False, ament_cmake_args=None, catkin_cmake_args=None, catkin_skip_building_tests=False, verb_parser=<colcon_defaults.argument_parser.defaults.DefaultArgumentsDecorator object at 0x7385ea6ec470>, verb_extension=<colcon_core.verb.build.BuildVerb object at 0x7385ea848f80>, main=<bound method BuildVerb.main of <colcon_core.verb.build.BuildVerb object at 0x7385ea848f80>>)
[0.467s] Level 1:colcon.colcon_core.package_discovery:discover_packages(colcon_meta) check parameters
[0.467s] Level 1:colcon.colcon_core.package_discovery:discover_packages(recursive) check parameters
[0.467s] Level 1:colcon.colcon_core.package_discovery:discover_packages(ignore) check parameters
[0.467s] Level 1:colcon.colcon_core.package_discovery:discover_packages(path) check parameters
[0.467s] Level 1:colcon.colcon_core.package_discovery:discover_packages(colcon_meta) discover
[0.467s] Level 1:colcon.colcon_core.package_discovery:discover_packages(recursive) discover
[0.467s] INFO:colcon.colcon_core.package_discovery:Crawling recursively for packages in '/home/mrhaha/ros2_ws'
[0.467s] Level 1:colcon.colcon_core.package_identification:_identify(.) by extensions ['ignore', 'ignore_ament_install']
[0.468s] Level 1:colcon.colcon_core.package_identification:_identify(.) by extension 'ignore'
[0.468s] Level 1:colcon.colcon_core.package_identification:_identify(.) by extension 'ignore_ament_install'
[0.468s] Level 1:colcon.colcon_core.package_identification:_identify(.) by extensions ['colcon_pkg']
[0.468s] Level 1:colcon.colcon_core.package_identification:_identify(.) by extension 'colcon_pkg'
[0.468s] Level 1:colcon.colcon_core.package_identification:_identify(.) by extensions ['colcon_meta']
[0.468s] Level 1:colcon.colcon_core.package_identification:_identify(.) by extension 'colcon_meta'
[0.468s] Level 1:colcon.colcon_core.package_identification:_identify(.) by extensions ['ros']
[0.468s] Level 1:colcon.colcon_core.package_identification:_identify(.) by extension 'ros'
[0.515s] Level 1:colcon.colcon_core.package_identification:_identify(.) by extensions ['cmake', 'python']
[0.515s] Level 1:colcon.colcon_core.package_identification:_identify(.) by extension 'cmake'
[0.515s] Level 1:colcon.colcon_core.package_identification:_identify(.) by extension 'python'
[0.515s] Level 1:colcon.colcon_core.package_identification:_identify(.) by extensions ['python_setup_py']
[0.515s] Level 1:colcon.colcon_core.package_identification:_identify(.) by extension 'python_setup_py'
[0.515s] Level 1:colcon.colcon_core.package_identification:_identify(build) by extensions ['ignore', 'ignore_ament_install']
[0.515s] Level 1:colcon.colcon_core.package_identification:_identify(build) by extension 'ignore'
[0.515s] Level 1:colcon.colcon_core.package_identification:_identify(build) ignored
[0.515s] Level 1:colcon.colcon_core.package_identification:_identify(install) by extensions ['ignore', 'ignore_ament_install']
[0.515s] Level 1:colcon.colcon_core.package_identification:_identify(install) by extension 'ignore'
[0.516s] Level 1:colcon.colcon_core.package_identification:_identify(install) ignored
[0.516s] Level 1:colcon.colcon_core.package_identification:_identify(log) by extensions ['ignore', 'ignore_ament_install']
[0.516s] Level 1:colcon.colcon_core.package_identification:_identify(log) by extension 'ignore'
[0.516s] Level 1:colcon.colcon_core.package_identification:_identify(log) ignored
[0.516s] Level 1:colcon.colcon_core.package_identification:_identify(src) by extensions ['ignore', 'ignore_ament_install']
[0.516s] Level 1:colcon.colcon_core.package_identification:_identify(src) by extension 'ignore'
[0.516s] Level 1:colcon.colcon_core.package_identification:_identify(src) by extension 'ignore_ament_install'
[0.516s] Level 1:colcon.colcon_core.package_identification:_identify(src) by extensions ['colcon_pkg']
[0.516s] Level 1:colcon.colcon_core.package_identification:_identify(src) by extension 'colcon_pkg'
[0.516s] Level 1:colcon.colcon_core.package_identification:_identify(src) by extensions ['colcon_meta']
[0.516s] Level 1:colcon.colcon_core.package_identification:_identify(src) by extension 'colcon_meta'
[0.516s] Level 1:colcon.colcon_core.package_identification:_identify(src) by extensions ['ros']
[0.516s] Level 1:colcon.colcon_core.package_identification:_identify(src) by extension 'ros'
[0.516s] Level 1:colcon.colcon_core.package_identification:_identify(src) by extensions ['cmake', 'python']
[0.517s] Level 1:colcon.colcon_core.package_identification:_identify(src) by extension 'cmake'
[0.517s] Level 1:colcon.colcon_core.package_identification:_identify(src) by extension 'python'
[0.517s] Level 1:colcon.colcon_core.package_identification:_identify(src) by extensions ['python_setup_py']
[0.517s] Level 1:colcon.colcon_core.package_identification:_identify(src) by extension 'python_setup_py'
[0.517s] Level 1:colcon.colcon_core.package_identification:_identify(src/agv_base_controller) by extensions ['ignore', 'ignore_ament_install']
[0.517s] Level 1:colcon.colcon_core.package_identification:_identify(src/agv_base_controller) by extension 'ignore'
[0.517s] Level 1:colcon.colcon_core.package_identification:_identify(src/agv_base_controller) by extension 'ignore_ament_install'
[0.517s] Level 1:colcon.colcon_core.package_identification:_identify(src/agv_base_controller) by extensions ['colcon_pkg']
[0.517s] Level 1:colcon.colcon_core.package_identification:_identify(src/agv_base_controller) by extension 'colcon_pkg'
[0.517s] Level 1:colcon.colcon_core.package_identification:_identify(src/agv_base_controller) by extensions ['colcon_meta']
[0.517s] Level 1:colcon.colcon_core.package_identification:_identify(src/agv_base_controller) by extension 'colcon_meta'
[0.517s] Level 1:colcon.colcon_core.package_identification:_identify(src/agv_base_controller) by extensions ['ros']
[0.517s] Level 1:colcon.colcon_core.package_identification:_identify(src/agv_base_controller) by extension 'ros'
[0.523s] DEBUG:colcon.colcon_core.package_identification:Package 'src/agv_base_controller' with type 'ros.ament_python' and name 'agv_base_controller'
[0.523s] Level 1:colcon.colcon_core.package_identification:_identify(src/sllidar_ros2) by extensions ['ignore', 'ignore_ament_install']
[0.523s] Level 1:colcon.colcon_core.package_identification:_identify(src/sllidar_ros2) by extension 'ignore'
[0.523s] Level 1:colcon.colcon_core.package_identification:_identify(src/sllidar_ros2) by extension 'ignore_ament_install'
[0.523s] Level 1:colcon.colcon_core.package_identification:_identify(src/sllidar_ros2) by extensions ['colcon_pkg']
[0.523s] Level 1:colcon.colcon_core.package_identification:_identify(src/sllidar_ros2) by extension 'colcon_pkg'
[0.523s] Level 1:colcon.colcon_core.package_identification:_identify(src/sllidar_ros2) by extensions ['colcon_meta']
[0.523s] Level 1:colcon.colcon_core.package_identification:_identify(src/sllidar_ros2) by extension 'colcon_meta'
[0.523s] Level 1:colcon.colcon_core.package_identification:_identify(src/sllidar_ros2) by extensions ['ros']
[0.523s] Level 1:colcon.colcon_core.package_identification:_identify(src/sllidar_ros2) by extension 'ros'
[0.524s] DEBUG:colcon.colcon_core.package_identification:Package 'src/sllidar_ros2' with type 'ros.ament_cmake' and name 'sllidar_ros2'
[0.524s] Level 1:colcon.colcon_core.package_discovery:discover_packages(recursive) using defaults
[0.524s] Level 1:colcon.colcon_core.package_discovery:discover_packages(ignore) discover
[0.524s] Level 1:colcon.colcon_core.package_discovery:discover_packages(ignore) using defaults
[0.524s] Level 1:colcon.colcon_core.package_discovery:discover_packages(path) discover
[0.524s] Level 1:colcon.colcon_core.package_discovery:discover_packages(path) using defaults
[0.562s] Level 5:colcon.colcon_core.verb:set package 'agv_base_controller' build argument 'cmake_args' from command line to 'None'
[0.562s] Level 5:colcon.colcon_core.verb:set package 'agv_base_controller' build argument 'cmake_target' from command line to 'None'
[0.562s] Level 5:colcon.colcon_core.verb:set package 'agv_base_controller' build argument 'cmake_target_skip_unavailable' from command line to 'False'
[0.562s] Level 5:colcon.colcon_core.verb:set package 'agv_base_controller' build argument 'cmake_clean_cache' from command line to 'False'
[0.562s] Level 5:colcon.colcon_core.verb:set package 'agv_base_controller' build argument 'cmake_clean_first' from command line to 'False'
[0.562s] Level 5:colcon.colcon_core.verb:set package 'agv_base_controller' build argument 'cmake_force_configure' from command line to 'False'
[0.562s] Level 5:colcon.colcon_core.verb:set package 'agv_base_controller' build argument 'ament_cmake_args' from command line to 'None'
[0.562s] Level 5:colcon.colcon_core.verb:set package 'agv_base_controller' build argument 'catkin_cmake_args' from command line to 'None'
[0.562s] Level 5:colcon.colcon_core.verb:set package 'agv_base_controller' build argument 'catkin_skip_building_tests' from command line to 'False'
[0.562s] DEBUG:colcon.colcon_core.verb:Building package 'agv_base_controller' with the following arguments: {'ament_cmake_args': None, 'build_base': '/home/mrhaha/ros2_ws/build/agv_base_controller', 'catkin_cmake_args': None, 'catkin_skip_building_tests': False, 'cmake_args': None, 'cmake_clean_cache': False, 'cmake_clean_first': False, 'cmake_force_configure': False, 'cmake_target': None, 'cmake_target_skip_unavailable': False, 'install_base': '/home/mrhaha/ros2_ws/install/agv_base_controller', 'merge_install': False, 'path': '/home/mrhaha/ros2_ws/src/agv_base_controller', 'symlink_install': True, 'test_result_base': None}
[0.563s] Level 5:colcon.colcon_core.verb:set package 'sllidar_ros2' build argument 'cmake_args' from command line to 'None'
[0.563s] Level 5:colcon.colcon_core.verb:set package 'sllidar_ros2' build argument 'cmake_target' from command line to 'None'
[0.563s] Level 5:colcon.colcon_core.verb:set package 'sllidar_ros2' build argument 'cmake_target_skip_unavailable' from command line to 'False'
[0.563s] Level 5:colcon.colcon_core.verb:set package 'sllidar_ros2' build argument 'cmake_clean_cache' from command line to 'False'
[0.563s] Level 5:colcon.colcon_core.verb:set package 'sllidar_ros2' build argument 'cmake_clean_first' from command line to 'False'
[0.563s] Level 5:colcon.colcon_core.verb:set package 'sllidar_ros2' build argument 'cmake_force_configure' from command line to 'False'
[0.563s] Level 5:colcon.colcon_core.verb:set package 'sllidar_ros2' build argument 'ament_cmake_args' from command line to 'None'
[0.563s] Level 5:colcon.colcon_core.verb:set package 'sllidar_ros2' build argument 'catkin_cmake_args' from command line to 'None'
[0.563s] Level 5:colcon.colcon_core.verb:set package 'sllidar_ros2' build argument 'catkin_skip_building_tests' from command line to 'False'
[0.563s] DEBUG:colcon.colcon_core.verb:Building package 'sllidar_ros2' with the following arguments: {'ament_cmake_args': None, 'build_base': '/home/mrhaha/ros2_ws/build/sllidar_ros2', 'catkin_cmake_args': None, 'catkin_skip_building_tests': False, 'cmake_args': None, 'cmake_clean_cache': False, 'cmake_clean_first': False, 'cmake_force_configure': False, 'cmake_target': None, 'cmake_target_skip_unavailable': False, 'install_base': '/home/mrhaha/ros2_ws/install/sllidar_ros2', 'merge_install': False, 'path': '/home/mrhaha/ros2_ws/src/sllidar_ros2', 'symlink_install': True, 'test_result_base': None}
[0.563s] INFO:colcon.colcon_core.executor:Executing jobs using 'parallel' executor
[0.566s] DEBUG:colcon.colcon_parallel_executor.executor.parallel:run_until_complete
[0.566s] INFO:colcon.colcon_ros.task.ament_python.build:Building ROS package in '/home/mrhaha/ros2_ws/src/agv_base_controller' with build type 'ament_python'
[0.566s] Level 1:colcon.colcon_core.shell:create_environment_hook('agv_base_controller', 'ament_prefix_path')
[0.576s] INFO:colcon.colcon_core.plugin_system:Skipping extension 'colcon_core.shell.bat': Not used on non-Windows systems
[0.576s] INFO:colcon.colcon_core.shell:Creating environment descriptor '/home/mrhaha/ros2_ws/install/agv_base_controller/share/agv_base_controller/hook/ament_prefix_path.dsv'
[0.577s] INFO:colcon.colcon_core.shell:Creating environment hook '/home/mrhaha/ros2_ws/install/agv_base_controller/share/agv_base_controller/hook/ament_prefix_path.sh'
[0.579s] DEBUG:colcon.colcon_core.shell:Skip shell extension 'dsv' for command environment
[0.586s] WARNING:colcon.colcon_ros.prefix_path.ament:The path '/home/mrhaha/ros2_ws/install/sllidar_ros2' in the environment variable AMENT_PREFIX_PATH doesn't exist
[0.586s] WARNING:colcon.colcon_ros.prefix_path.catkin:The path '/home/mrhaha/ros2_ws/install/sllidar_ros2' in the environment variable CMAKE_PREFIX_PATH doesn't exist
[0.593s] INFO:colcon.colcon_ros.task.ament_cmake.build:Building ROS package in '/home/mrhaha/ros2_ws/src/sllidar_ros2' with build type 'ament_cmake'
[0.593s] INFO:colcon.colcon_cmake.task.cmake.build:Building CMake package in '/home/mrhaha/ros2_ws/src/sllidar_ros2'
[0.593s] DEBUG:colcon.colcon_core.shell:Skip shell extension 'dsv' for command environment
[0.886s] INFO:colcon.colcon_core.task.python.build:Building Python package in '/home/mrhaha/ros2_ws/src/agv_base_controller'
[0.887s] DEBUG:colcon.colcon_core.shell:Skip shell extension 'dsv' for command environment
[0.898s] DEBUG:colcon.colcon_core.event_handler.log_command:Invoking command in '/home/mrhaha/ros2_ws/build/sllidar_ros2': CMAKE_PREFIX_PATH=${CMAKE_PREFIX_PATH}:/home/mrhaha/ros2_ws/install/agv_base_controller:/opt/ros/jazzy DEBUGINFOD_URLS=https://debuginfod.ubuntu.com /usr/bin/cmake /home/mrhaha/ros2_ws/src/sllidar_ros2 -DAMENT_CMAKE_SYMLINK_INSTALL=1 -DCMAKE_INSTALL_PREFIX=/home/mrhaha/ros2_ws/install/sllidar_ros2
[2.831s] DEBUG:colcon.colcon_core.event_handler.log_command:Invoking command in '/home/mrhaha/ros2_ws/build/agv_base_controller': DEBUGINFOD_URLS=https://debuginfod.ubuntu.com PYTHONPATH=/home/mrhaha/ros2_ws/build/agv_base_controller/prefix_override:/usr/lib/python3/dist-packages/colcon_core/task/python/colcon_distutils_commands:/home/mrhaha/ros2_ws/install/agv_base_controller/lib/python3.12/site-packages:${PYTHONPATH} /usr/bin/python3 -W ignore:setup.py install is deprecated -W ignore:easy_install command is deprecated setup.py develop --editable --build-directory /home/mrhaha/ros2_ws/build/agv_base_controller/build --no-deps symlink_data
[4.059s] Level 1:colcon.colcon_core.shell:create_environment_hook('agv_base_controller', 'pythonpath_develop')
[4.059s] INFO:colcon.colcon_core.shell:Creating environment descriptor '/home/mrhaha/ros2_ws/build/agv_base_controller/share/agv_base_controller/hook/pythonpath_develop.dsv'
[4.061s] DEBUG:colcon.colcon_core.event_handler.log_command:Invoked command in '/home/mrhaha/ros2_ws/build/agv_base_controller' returned '0': DEBUGINFOD_URLS=https://debuginfod.ubuntu.com PYTHONPATH=/home/mrhaha/ros2_ws/build/agv_base_controller/prefix_override:/usr/lib/python3/dist-packages/colcon_core/task/python/colcon_distutils_commands:/home/mrhaha/ros2_ws/install/agv_base_controller/lib/python3.12/site-packages:${PYTHONPATH} /usr/bin/python3 -W ignore:setup.py install is deprecated -W ignore:easy_install command is deprecated setup.py develop --editable --build-directory /home/mrhaha/ros2_ws/build/agv_base_controller/build --no-deps symlink_data
[4.062s] INFO:colcon.colcon_core.shell:Creating environment hook '/home/mrhaha/ros2_ws/build/agv_base_controller/share/agv_base_controller/hook/pythonpath_develop.sh'
[4.076s] Level 1:colcon.colcon_core.environment:checking '/home/mrhaha/ros2_ws/install/agv_base_controller' for CMake module files
[4.077s] Level 1:colcon.colcon_core.environment:checking '/home/mrhaha/ros2_ws/install/agv_base_controller' for CMake config files
[4.078s] Level 1:colcon.colcon_core.environment:checking '/home/mrhaha/ros2_ws/install/agv_base_controller/lib'
[4.079s] Level 1:colcon.colcon_core.environment:checking '/home/mrhaha/ros2_ws/install/agv_base_controller/bin'
[4.079s] Level 1:colcon.colcon_core.environment:checking '/home/mrhaha/ros2_ws/install/agv_base_controller/lib/pkgconfig/agv_base_controller.pc'
[4.080s] Level 1:colcon.colcon_core.environment:checking '/home/mrhaha/ros2_ws/install/agv_base_controller/lib/python3.12/site-packages'
[4.080s] Level 1:colcon.colcon_core.shell:create_environment_hook('agv_base_controller', 'pythonpath')
[4.080s] INFO:colcon.colcon_core.shell:Creating environment descriptor '/home/mrhaha/ros2_ws/install/agv_base_controller/share/agv_base_controller/hook/pythonpath.dsv'
[4.081s] INFO:colcon.colcon_core.shell:Creating environment hook '/home/mrhaha/ros2_ws/install/agv_base_controller/share/agv_base_controller/hook/pythonpath.sh'
[4.082s] Level 1:colcon.colcon_core.environment:checking '/home/mrhaha/ros2_ws/install/agv_base_controller/bin'
[4.082s] Level 1:colcon.colcon_core.environment:create_environment_scripts_only(agv_base_controller)
[4.083s] INFO:colcon.colcon_core.shell:Creating package descriptor '/home/mrhaha/ros2_ws/install/agv_base_controller/share/agv_base_controller/package.dsv'
[4.085s] INFO:colcon.colcon_core.shell:Creating package script '/home/mrhaha/ros2_ws/install/agv_base_controller/share/agv_base_controller/package.sh'
[4.087s] INFO:colcon.colcon_core.shell:Creating package script '/home/mrhaha/ros2_ws/install/agv_base_controller/share/agv_base_controller/package.bash'
[4.088s] INFO:colcon.colcon_core.shell:Creating package script '/home/mrhaha/ros2_ws/install/agv_base_controller/share/agv_base_controller/package.zsh'
[4.091s] Level 1:colcon.colcon_core.environment:create_file_with_runtime_dependencies(/home/mrhaha/ros2_ws/install/agv_base_controller/share/colcon-core/packages/agv_base_controller)
[4.450s] DEBUG:colcon.colcon_core.event_handler.log_command:Invoked command in '/home/mrhaha/ros2_ws/build/sllidar_ros2' returned '0': CMAKE_PREFIX_PATH=${CMAKE_PREFIX_PATH}:/home/mrhaha/ros2_ws/install/agv_base_controller:/opt/ros/jazzy DEBUGINFOD_URLS=https://debuginfod.ubuntu.com /usr/bin/cmake /home/mrhaha/ros2_ws/src/sllidar_ros2 -DAMENT_CMAKE_SYMLINK_INSTALL=1 -DCMAKE_INSTALL_PREFIX=/home/mrhaha/ros2_ws/install/sllidar_ros2
[4.453s] DEBUG:colcon.colcon_core.event_handler.log_command:Invoking command in '/home/mrhaha/ros2_ws/build/sllidar_ros2': CMAKE_PREFIX_PATH=${CMAKE_PREFIX_PATH}:/home/mrhaha/ros2_ws/install/agv_base_controller:/opt/ros/jazzy DEBUGINFOD_URLS=https://debuginfod.ubuntu.com /usr/bin/cmake --build /home/mrhaha/ros2_ws/build/sllidar_ros2 -- -j4 -l4
[20.565s] DEBUG:colcon.colcon_core.event_handler.log_command:Invoked command in '/home/mrhaha/ros2_ws/build/sllidar_ros2' returned '0': CMAKE_PREFIX_PATH=${CMAKE_PREFIX_PATH}:/home/mrhaha/ros2_ws/install/agv_base_controller:/opt/ros/jazzy DEBUGINFOD_URLS=https://debuginfod.ubuntu.com /usr/bin/cmake --build /home/mrhaha/ros2_ws/build/sllidar_ros2 -- -j4 -l4
[20.586s] DEBUG:colcon.colcon_core.event_handler.log_command:Invoking command in '/home/mrhaha/ros2_ws/build/sllidar_ros2': CMAKE_PREFIX_PATH=${CMAKE_PREFIX_PATH}:/home/mrhaha/ros2_ws/install/agv_base_controller:/opt/ros/jazzy DEBUGINFOD_URLS=https://debuginfod.ubuntu.com /usr/bin/cmake --install /home/mrhaha/ros2_ws/build/sllidar_ros2
[21.398s] Level 1:colcon.colcon_core.environment:create_environment_scripts_only(sllidar_ros2)
[21.398s] Level 1:colcon.colcon_core.environment:checking '/home/mrhaha/ros2_ws/install/sllidar_ros2' for CMake module files
[21.399s] Level 1:colcon.colcon_core.environment:checking '/home/mrhaha/ros2_ws/install/sllidar_ros2' for CMake config files
[21.400s] DEBUG:colcon.colcon_core.event_handler.log_command:Invoked command in '/home/mrhaha/ros2_ws/build/sllidar_ros2' returned '0': CMAKE_PREFIX_PATH=${CMAKE_PREFIX_PATH}:/home/mrhaha/ros2_ws/install/agv_base_controller:/opt/ros/jazzy DEBUGINFOD_URLS=https://debuginfod.ubuntu.com /usr/bin/cmake --install /home/mrhaha/ros2_ws/build/sllidar_ros2
[21.402s] Level 1:colcon.colcon_core.shell:create_environment_hook('sllidar_ros2', 'cmake_prefix_path')
[21.402s] INFO:colcon.colcon_core.shell:Creating environment descriptor '/home/mrhaha/ros2_ws/install/sllidar_ros2/share/sllidar_ros2/hook/cmake_prefix_path.dsv'
[21.403s] INFO:colcon.colcon_core.shell:Creating environment hook '/home/mrhaha/ros2_ws/install/sllidar_ros2/share/sllidar_ros2/hook/cmake_prefix_path.sh'
[21.405s] Level 1:colcon.colcon_core.environment:checking '/home/mrhaha/ros2_ws/install/sllidar_ros2/lib'
[21.405s] Level 1:colcon.colcon_core.environment:checking '/home/mrhaha/ros2_ws/install/sllidar_ros2/bin'
[21.405s] Level 1:colcon.colcon_core.environment:checking '/home/mrhaha/ros2_ws/install/sllidar_ros2/lib/pkgconfig/sllidar_ros2.pc'
[21.405s] Level 1:colcon.colcon_core.environment:checking '/home/mrhaha/ros2_ws/install/sllidar_ros2/lib/python3.12/site-packages'
[21.406s] Level 1:colcon.colcon_core.environment:checking '/home/mrhaha/ros2_ws/install/sllidar_ros2/bin'
[21.406s] INFO:colcon.colcon_core.shell:Creating package descriptor '/home/mrhaha/ros2_ws/install/sllidar_ros2/share/sllidar_ros2/package.dsv'
[21.407s] INFO:colcon.colcon_core.shell:Creating package script '/home/mrhaha/ros2_ws/install/sllidar_ros2/share/sllidar_ros2/package.sh'
[21.408s] INFO:colcon.colcon_core.shell:Creating package script '/home/mrhaha/ros2_ws/install/sllidar_ros2/share/sllidar_ros2/package.bash'
[21.408s] INFO:colcon.colcon_core.shell:Creating package script '/home/mrhaha/ros2_ws/install/sllidar_ros2/share/sllidar_ros2/package.zsh'
[21.409s] Level 1:colcon.colcon_core.environment:create_file_with_runtime_dependencies(/home/mrhaha/ros2_ws/install/sllidar_ros2/share/colcon-core/packages/sllidar_ros2)
[21.409s] Level 1:colcon.colcon_core.environment:create_environment_scripts_only(sllidar_ros2)
[21.410s] Level 1:colcon.colcon_core.environment:checking '/home/mrhaha/ros2_ws/install/sllidar_ros2' for CMake module files
[21.411s] Level 1:colcon.colcon_core.environment:checking '/home/mrhaha/ros2_ws/install/sllidar_ros2' for CMake config files
[21.412s] Level 1:colcon.colcon_core.shell:create_environment_hook('sllidar_ros2', 'cmake_prefix_path')
[21.412s] INFO:colcon.colcon_core.shell:Creating environment descriptor '/home/mrhaha/ros2_ws/install/sllidar_ros2/share/sllidar_ros2/hook/cmake_prefix_path.dsv'
[21.414s] INFO:colcon.colcon_core.shell:Creating environment hook '/home/mrhaha/ros2_ws/install/sllidar_ros2/share/sllidar_ros2/hook/cmake_prefix_path.sh'
[21.415s] Level 1:colcon.colcon_core.environment:checking '/home/mrhaha/ros2_ws/install/sllidar_ros2/lib'
[21.415s] Level 1:colcon.colcon_core.environment:checking '/home/mrhaha/ros2_ws/install/sllidar_ros2/bin'
[21.415s] Level 1:colcon.colcon_core.environment:checking '/home/mrhaha/ros2_ws/install/sllidar_ros2/lib/pkgconfig/sllidar_ros2.pc'
[21.416s] Level 1:colcon.colcon_core.environment:checking '/home/mrhaha/ros2_ws/install/sllidar_ros2/lib/python3.12/site-packages'
[21.416s] Level 1:colcon.colcon_core.environment:checking '/home/mrhaha/ros2_ws/install/sllidar_ros2/bin'
[21.416s] INFO:colcon.colcon_core.shell:Creating package descriptor '/home/mrhaha/ros2_ws/install/sllidar_ros2/share/sllidar_ros2/package.dsv'
[21.418s] INFO:colcon.colcon_core.shell:Creating package script '/home/mrhaha/ros2_ws/install/sllidar_ros2/share/sllidar_ros2/package.sh'
[21.418s] INFO:colcon.colcon_core.shell:Creating package script '/home/mrhaha/ros2_ws/install/sllidar_ros2/share/sllidar_ros2/package.bash'
[21.419s] INFO:colcon.colcon_core.shell:Creating package script '/home/mrhaha/ros2_ws/install/sllidar_ros2/share/sllidar_ros2/package.zsh'
[21.420s] Level 1:colcon.colcon_core.environment:create_file_with_runtime_dependencies(/home/mrhaha/ros2_ws/install/sllidar_ros2/share/colcon-core/packages/sllidar_ros2)
[21.423s] DEBUG:colcon.colcon_parallel_executor.executor.parallel:closing loop
[21.424s] DEBUG:colcon.colcon_parallel_executor.executor.parallel:loop closed
[21.424s] DEBUG:colcon.colcon_parallel_executor.executor.parallel:run_until_complete finished with '0'
[21.424s] DEBUG:colcon.colcon_core.event_reactor:joining thread
[21.439s] INFO:colcon.colcon_core.plugin_system:Skipping extension 'colcon_notification.desktop_notification.terminal_notifier': Not used on non-Darwin systems
[21.439s] INFO:colcon.colcon_core.plugin_system:Skipping extension 'colcon_notification.desktop_notification.win32': Not used on non-Windows systems
[21.439s] INFO:colcon.colcon_notification.desktop_notification:Sending desktop notification using 'notify2'
[21.500s] DEBUG:colcon.colcon_core.event_reactor:joined thread
[21.500s] INFO:colcon.colcon_core.shell:Creating prefix script '/home/mrhaha/ros2_ws/install/local_setup.sh'
[21.503s] INFO:colcon.colcon_core.shell:Creating prefix util module '/home/mrhaha/ros2_ws/install/_local_setup_util_sh.py'
[21.505s] INFO:colcon.colcon_core.shell:Creating prefix chain script '/home/mrhaha/ros2_ws/install/setup.sh'
[21.508s] INFO:colcon.colcon_core.shell:Creating prefix script '/home/mrhaha/ros2_ws/install/local_setup.bash'
[21.509s] INFO:colcon.colcon_core.shell:Creating prefix chain script '/home/mrhaha/ros2_ws/install/setup.bash'
[21.511s] INFO:colcon.colcon_core.shell:Creating prefix script '/home/mrhaha/ros2_ws/install/local_setup.zsh'
[21.512s] INFO:colcon.colcon_core.shell:Creating prefix chain script '/home/mrhaha/ros2_ws/install/setup.zsh'
