/home/mrhaha/ros2_ws/install/agv_base_controller/lib/python3.12/site-packages/agv_base_controller/imu_udp_bridge.py
/home/mrhaha/ros2_ws/install/agv_base_controller/lib/python3.12/site-packages/agv_base_controller/log_odom_speed.py
/home/mrhaha/ros2_ws/install/agv_base_controller/lib/python3.12/site-packages/agv_base_controller/simple_goto_controller.py
/home/mrhaha/ros2_ws/install/agv_base_controller/lib/python3.12/site-packages/agv_base_controller/__init__.py
/home/mrhaha/ros2_ws/install/agv_base_controller/lib/python3.12/site-packages/agv_base_controller/udp_bridge_node.py
/home/mrhaha/ros2_ws/install/agv_base_controller/lib/python3.12/site-packages/agv_base_controller/__pycache__/imu_udp_bridge.cpython-312.pyc
/home/mrhaha/ros2_ws/install/agv_base_controller/lib/python3.12/site-packages/agv_base_controller/__pycache__/log_odom_speed.cpython-312.pyc
/home/mrhaha/ros2_ws/install/agv_base_controller/lib/python3.12/site-packages/agv_base_controller/__pycache__/simple_goto_controller.cpython-312.pyc
/home/mrhaha/ros2_ws/install/agv_base_controller/lib/python3.12/site-packages/agv_base_controller/__pycache__/__init__.cpython-312.pyc
/home/mrhaha/ros2_ws/install/agv_base_controller/lib/python3.12/site-packages/agv_base_controller/__pycache__/udp_bridge_node.cpython-312.pyc
/home/mrhaha/ros2_ws/install/agv_base_controller/share/ament_index/resource_index/packages/agv_base_controller
/home/mrhaha/ros2_ws/install/agv_base_controller/share/agv_base_controller/package.xml
/home/mrhaha/ros2_ws/install/agv_base_controller/share/agv_base_controller/launch/slam_bringup.launch.py
/home/mrhaha/ros2_ws/install/agv_base_controller/share/agv_base_controller/launch/nav2_bringup.launch.py
/home/mrhaha/ros2_ws/install/agv_base_controller/share/agv_base_controller/launch/agv_navigation.launch.py
/home/mrhaha/ros2_ws/install/agv_base_controller/share/agv_base_controller/urdf/agv.urdf
/home/mrhaha/ros2_ws/install/agv_base_controller/share/agv_base_controller/config/slam_toolbox_params.yaml
/home/mrhaha/ros2_ws/install/agv_base_controller/share/agv_base_controller/config/nav2_view.rviz
/home/mrhaha/ros2_ws/install/agv_base_controller/share/agv_base_controller/config/nav2_params.yaml
/home/mrhaha/ros2_ws/install/agv_base_controller/lib/python3.12/site-packages/agv_base_controller-0.0.0-py3.12.egg-info/SOURCES.txt
/home/mrhaha/ros2_ws/install/agv_base_controller/lib/python3.12/site-packages/agv_base_controller-0.0.0-py3.12.egg-info/requires.txt
/home/mrhaha/ros2_ws/install/agv_base_controller/lib/python3.12/site-packages/agv_base_controller-0.0.0-py3.12.egg-info/entry_points.txt
/home/mrhaha/ros2_ws/install/agv_base_controller/lib/python3.12/site-packages/agv_base_controller-0.0.0-py3.12.egg-info/PKG-INFO
/home/mrhaha/ros2_ws/install/agv_base_controller/lib/python3.12/site-packages/agv_base_controller-0.0.0-py3.12.egg-info/zip-safe
/home/mrhaha/ros2_ws/install/agv_base_controller/lib/python3.12/site-packages/agv_base_controller-0.0.0-py3.12.egg-info/top_level.txt
/home/mrhaha/ros2_ws/install/agv_base_controller/lib/python3.12/site-packages/agv_base_controller-0.0.0-py3.12.egg-info/dependency_links.txt
/home/mrhaha/ros2_ws/install/agv_base_controller/lib/agv_base_controller/imu_udp_bridge
/home/mrhaha/ros2_ws/install/agv_base_controller/lib/agv_base_controller/log_odom_speed
/home/mrhaha/ros2_ws/install/agv_base_controller/lib/agv_base_controller/simple_goto_controller
/home/mrhaha/ros2_ws/install/agv_base_controller/lib/agv_base_controller/udp_bridge_node
