running egg_info
writing ../../build/agv_base_controller/agv_base_controller.egg-info/PKG-INFO
writing dependency_links to ../../build/agv_base_controller/agv_base_controller.egg-info/dependency_links.txt
writing entry points to ../../build/agv_base_controller/agv_base_controller.egg-info/entry_points.txt
writing requirements to ../../build/agv_base_controller/agv_base_controller.egg-info/requires.txt
writing top-level names to ../../build/agv_base_controller/agv_base_controller.egg-info/top_level.txt
reading manifest file '../../build/agv_base_controller/agv_base_controller.egg-info/SOURCES.txt'
writing manifest file '../../build/agv_base_controller/agv_base_controller.egg-info/SOURCES.txt'
running build
running build_py
running install
running install_lib
running install_data
copying launch/agv_navigation.launch.py -> /home/mrhaha/ros2_ws/install/agv_base_controller/share/agv_base_controller/launch
copying config/nav2_view.rviz -> /home/mrhaha/ros2_ws/install/agv_base_controller/share/agv_base_controller/config
running install_egg_info
removing '/home/mrhaha/ros2_ws/install/agv_base_controller/lib/python3.12/site-packages/agv_base_controller-0.0.0-py3.12.egg-info' (and everything under it)
Copying ../../build/agv_base_controller/agv_base_controller.egg-info to /home/mrhaha/ros2_ws/install/agv_base_controller/lib/python3.12/site-packages/agv_base_controller-0.0.0-py3.12.egg-info
running install_scripts
Installing imu_udp_bridge script to /home/mrhaha/ros2_ws/install/agv_base_controller/lib/agv_base_controller
Installing log_odom_speed script to /home/mrhaha/ros2_ws/install/agv_base_controller/lib/agv_base_controller
Installing simple_goto_controller script to /home/mrhaha/ros2_ws/install/agv_base_controller/lib/agv_base_controller
Installing udp_bridge_node script to /home/mrhaha/ros2_ws/install/agv_base_controller/lib/agv_base_controller
writing list of installed files to '/home/mrhaha/ros2_ws/build/agv_base_controller/install.log'
