[0.000000] (-) TimerEvent: {}
[0.000122] (-) JobUnselected: {'identifier': 'sllidar_ros2'}
[0.000166] (agv_base_controller) JobQueued: {'identifier': 'agv_base_controller', 'dependencies': OrderedDict()}
[0.000767] (agv_base_controller) JobStarted: {'identifier': 'agv_base_controller'}
[0.100538] (-) TimerEvent: {}
[0.201291] (-) TimerEvent: {}
[0.302083] (-) TimerEvent: {}
[0.403031] (-) TimerEvent: {}
[0.503588] (-) TimerEvent: {}
[0.604221] (-) TimerEvent: {}
[0.705215] (-) TimerEvent: {}
[0.806013] (-) TimerEvent: {}
[0.906752] (-) TimerEvent: {}
[0.981527] (agv_base_controller) Command: {'cmd': ['/usr/bin/python3', '-W', 'ignore:setup.py install is deprecated', '-W', 'ignore:easy_install command is deprecated', 'setup.py', 'develop', '--uninstall', '--editable', '--build-directory', '/home/mrhaha/ros2_ws/build/agv_base_controller/build'], 'cwd': '/home/mrhaha/ros2_ws/build/agv_base_controller', 'env': {'PYTHON_BASIC_REPL': '1', 'USER': 'mrhaha', 'XDG_SESSION_TYPE': 'wayland', 'GIT_ASKPASS': '/usr/share/code/resources/app/extensions/git/dist/askpass.sh', 'CLUTTER_DISABLE_MIPMAPPED_TEXT': '1', 'SHLVL': '2', 'LD_LIBRARY_PATH': '/opt/ros/jazzy/opt/rviz_ogre_vendor/lib:/opt/ros/jazzy/lib/x86_64-linux-gnu:/opt/ros/jazzy/opt/gz_math_vendor/lib:/opt/ros/jazzy/opt/gz_utils_vendor/lib:/opt/ros/jazzy/opt/gz_cmake_vendor/lib:/opt/ros/jazzy/lib', 'HOME': '/home/mrhaha', 'CHROME_DESKTOP': 'code.desktop', 'OLDPWD': '/home/mrhaha/ros2_ws', 'TERM_PROGRAM_VERSION': '1.104.2', 'DESKTOP_SESSION': 'ubuntu', 'ROS_PYTHON_VERSION': '3', 'GNOME_SHELL_SESSION_MODE': 'ubuntu', 'GTK_MODULES': 'gail:atk-bridge', 'VSCODE_GIT_ASKPASS_MAIN': '/usr/share/code/resources/app/extensions/git/dist/askpass-main.js', 'VSCODE_GIT_ASKPASS_NODE': '/usr/share/code/code', 'PYDEVD_DISABLE_FILE_VALIDATION': '1', 'SYSTEMD_EXEC_PID': '2269', 'BUNDLED_DEBUGPY_PATH': '/home/mrhaha/.vscode/extensions/ms-python.debugpy-2025.18.0-linux-x64/bundled/libs/debugpy', 'VSCODE_PYTHON_AUTOACTIVATE_GUARD': '1', 'GSM_SKIP_SSH_AGENT_WORKAROUND': 'true', 'DBUS_SESSION_BUS_ADDRESS': 'unix:path=/run/user/1000/bus', 'COLORTERM': 'truecolor', 'DEBUGINFOD_URLS': 'https://debuginfod.ubuntu.com', 'IM_CONFIG_PHASE': '1', 'WAYLAND_DISPLAY': 'wayland-0', 'COLCON_PREFIX_PATH': '/home/mrhaha/ros2_ws/install', 'ROS_DISTRO': 'jazzy', 'LOGNAME': 'mrhaha', '_': '/usr/bin/colcon', 'ROS_VERSION': '2', 'MEMORY_PRESSURE_WATCH': '/sys/fs/cgroup/user.slice/user-1000.slice/user@1000.service/session.slice/org.gnome.Shell@wayland.service/memory.pressure', 'XDG_SESSION_CLASS': 'user', 'USERNAME': 'mrhaha', 'TERM': 'xterm-256color', 'GNOME_DESKTOP_SESSION_ID': 'this-is-deprecated', 'PATH': '/opt/ros/jazzy/bin:/usr/local/sbin:/usr/local/bin:/usr/sbin:/usr/bin:/sbin:/bin:/usr/games:/usr/local/games:/snap/bin:/snap/bin:/home/mrhaha/.local/bin:/home/mrhaha/.local/bin:/home/mrhaha/.vscode/extensions/ms-python.debugpy-2025.18.0-linux-x64/bundled/scripts/noConfigScripts:/home/mrhaha/.local/bin', 'SESSION_MANAGER': 'local/mrhaha-VMware-Virtual-Platform:@/tmp/.ICE-unix/2212,unix/mrhaha-VMware-Virtual-Platform:/tmp/.ICE-unix/2212', 'XDG_MENU_PREFIX': 'gnome-', 'GNOME_TERMINAL_SCREEN': '/org/gnome/Terminal/screen/29e5848d_9a55_48f4_98d6_f3b6ddd1a878', 'GNOME_SETUP_DISPLAY': ':1', 'XDG_RUNTIME_DIR': '/run/user/1000', 'GDK_BACKEND': 'x11', 'DISPLAY': ':0', 'VSCODE_DEBUGPY_ADAPTER_ENDPOINTS': '/home/mrhaha/.vscode/extensions/ms-python.debugpy-2025.18.0-linux-x64/.noConfigDebugAdapterEndpoints/endpoint-1a40f614f47145b1.txt', 'LANG': 'en_US.UTF-8', 'XDG_CURRENT_DESKTOP': 'Unity', 'PYTHONSTARTUP': '/home/mrhaha/.config/Code/User/workspaceStorage/da6b23b1410fe24d676168ae2a58c4f5/ms-python.python/pythonrc.py', 'CLINE_ACTIVE': 'true', 'XMODIFIERS': '@im=ibus', 'XDG_SESSION_DESKTOP': 'ubuntu', 'XAUTHORITY': '/run/user/1000/.mutter-Xwaylandauth.OIQWK3', 'VSCODE_GIT_IPC_HANDLE': '/run/user/1000/vscode-git-45274601b9.sock', 'GNOME_TERMINAL_SERVICE': ':1.105', 'TERM_PROGRAM': 'vscode', 'SSH_AUTH_SOCK': '/run/user/1000/keyring/ssh', 'AMENT_PREFIX_PATH': '/home/mrhaha/ros2_ws/install/sllidar_ros2:/home/mrhaha/ros2_ws/install/agv_base_controller:/opt/ros/jazzy', 'ORIGINAL_XDG_CURRENT_DESKTOP': 'ubuntu:GNOME', 'SHELL': '/bin/bash', 'QT_ACCESSIBILITY': '1', 'GDMSESSION': 'ubuntu', 'ROS_AUTOMATIC_DISCOVERY_RANGE': 'SUBNET', 'VSCODE_GIT_ASKPASS_EXTRA_ARGS': '', 'QT_IM_MODULE': 'ibus', 'PWD': '/home/mrhaha/ros2_ws/build/agv_base_controller', 'XDG_CONFIG_DIRS': '/etc/xdg/xdg-ubuntu:/etc/xdg', 'XDG_DATA_DIRS': '/usr/share/ubuntu:/usr/share/gnome:/usr/local/share/:/usr/share/:/var/lib/snapd/desktop', 'PYTHONPATH': '/home/mrhaha/ros2_ws/build/agv_base_controller/prefix_override:/usr/lib/python3/dist-packages/colcon_core/task/python/colcon_distutils_commands:/home/mrhaha/ros2_ws/install/agv_base_controller/lib/python3.12/site-packages:/home/mrhaha/ros2_ws/build/agv_base_controller:/home/mrhaha/ros2_ws/install/agv_base_controller/lib/python3.12/site-packages:/opt/ros/jazzy/lib/python3.12/site-packages', 'COLCON': '1', 'MEMORY_PRESSURE_WRITE': 'c29tZSAyMDAwMDAgMjAwMDAwMAA=', 'VTE_VERSION': '7600', 'CMAKE_PREFIX_PATH': '/home/mrhaha/ros2_ws/install/sllidar_ros2:/opt/ros/jazzy/opt/gz_math_vendor:/opt/ros/jazzy/opt/gz_utils_vendor:/opt/ros/jazzy/opt/gz_cmake_vendor'}, 'shell': False}
[1.007199] (-) TimerEvent: {}
[1.107828] (-) TimerEvent: {}
[1.208320] (-) TimerEvent: {}
[1.218240] (agv_base_controller) StdoutLine: {'line': b'running develop\n'}
[1.308374] (-) TimerEvent: {}
[1.360413] (agv_base_controller) StdoutLine: {'line': b'Removing /home/mrhaha/ros2_ws/install/agv_base_controller/lib/python3.12/site-packages/agv-base-controller.egg-link (link to .)\n'}
[1.383549] (agv_base_controller) CommandEnded: {'returncode': 0}
[1.384768] (agv_base_controller) Command: {'cmd': ['/usr/bin/python3', '-W', 'ignore:setup.py install is deprecated', '-W', 'ignore:easy_install command is deprecated', 'setup.py', 'egg_info', '--egg-base', '../../build/agv_base_controller', 'build', '--build-base', '/home/mrhaha/ros2_ws/build/agv_base_controller/build', 'install', '--record', '/home/mrhaha/ros2_ws/build/agv_base_controller/install.log', '--single-version-externally-managed', 'install_data', '--force'], 'cwd': '/home/mrhaha/ros2_ws/src/agv_base_controller', 'env': {'PYTHON_BASIC_REPL': '1', 'USER': 'mrhaha', 'XDG_SESSION_TYPE': 'wayland', 'GIT_ASKPASS': '/usr/share/code/resources/app/extensions/git/dist/askpass.sh', 'CLUTTER_DISABLE_MIPMAPPED_TEXT': '1', 'SHLVL': '2', 'LD_LIBRARY_PATH': '/opt/ros/jazzy/opt/rviz_ogre_vendor/lib:/opt/ros/jazzy/lib/x86_64-linux-gnu:/opt/ros/jazzy/opt/gz_math_vendor/lib:/opt/ros/jazzy/opt/gz_utils_vendor/lib:/opt/ros/jazzy/opt/gz_cmake_vendor/lib:/opt/ros/jazzy/lib', 'HOME': '/home/mrhaha', 'CHROME_DESKTOP': 'code.desktop', 'OLDPWD': '/home/mrhaha/ros2_ws', 'TERM_PROGRAM_VERSION': '1.104.2', 'DESKTOP_SESSION': 'ubuntu', 'ROS_PYTHON_VERSION': '3', 'GNOME_SHELL_SESSION_MODE': 'ubuntu', 'GTK_MODULES': 'gail:atk-bridge', 'VSCODE_GIT_ASKPASS_MAIN': '/usr/share/code/resources/app/extensions/git/dist/askpass-main.js', 'VSCODE_GIT_ASKPASS_NODE': '/usr/share/code/code', 'PYDEVD_DISABLE_FILE_VALIDATION': '1', 'SYSTEMD_EXEC_PID': '2269', 'BUNDLED_DEBUGPY_PATH': '/home/mrhaha/.vscode/extensions/ms-python.debugpy-2025.18.0-linux-x64/bundled/libs/debugpy', 'VSCODE_PYTHON_AUTOACTIVATE_GUARD': '1', 'GSM_SKIP_SSH_AGENT_WORKAROUND': 'true', 'DBUS_SESSION_BUS_ADDRESS': 'unix:path=/run/user/1000/bus', 'COLORTERM': 'truecolor', 'DEBUGINFOD_URLS': 'https://debuginfod.ubuntu.com', 'IM_CONFIG_PHASE': '1', 'WAYLAND_DISPLAY': 'wayland-0', 'COLCON_PREFIX_PATH': '/home/mrhaha/ros2_ws/install', 'ROS_DISTRO': 'jazzy', 'LOGNAME': 'mrhaha', '_': '/usr/bin/colcon', 'ROS_VERSION': '2', 'MEMORY_PRESSURE_WATCH': '/sys/fs/cgroup/user.slice/user-1000.slice/user@1000.service/session.slice/org.gnome.Shell@wayland.service/memory.pressure', 'XDG_SESSION_CLASS': 'user', 'USERNAME': 'mrhaha', 'TERM': 'xterm-256color', 'GNOME_DESKTOP_SESSION_ID': 'this-is-deprecated', 'PATH': '/opt/ros/jazzy/bin:/usr/local/sbin:/usr/local/bin:/usr/sbin:/usr/bin:/sbin:/bin:/usr/games:/usr/local/games:/snap/bin:/snap/bin:/home/mrhaha/.local/bin:/home/mrhaha/.local/bin:/home/mrhaha/.vscode/extensions/ms-python.debugpy-2025.18.0-linux-x64/bundled/scripts/noConfigScripts:/home/mrhaha/.local/bin', 'SESSION_MANAGER': 'local/mrhaha-VMware-Virtual-Platform:@/tmp/.ICE-unix/2212,unix/mrhaha-VMware-Virtual-Platform:/tmp/.ICE-unix/2212', 'XDG_MENU_PREFIX': 'gnome-', 'GNOME_TERMINAL_SCREEN': '/org/gnome/Terminal/screen/29e5848d_9a55_48f4_98d6_f3b6ddd1a878', 'GNOME_SETUP_DISPLAY': ':1', 'XDG_RUNTIME_DIR': '/run/user/1000', 'GDK_BACKEND': 'x11', 'DISPLAY': ':0', 'VSCODE_DEBUGPY_ADAPTER_ENDPOINTS': '/home/mrhaha/.vscode/extensions/ms-python.debugpy-2025.18.0-linux-x64/.noConfigDebugAdapterEndpoints/endpoint-1a40f614f47145b1.txt', 'LANG': 'en_US.UTF-8', 'XDG_CURRENT_DESKTOP': 'Unity', 'PYTHONSTARTUP': '/home/mrhaha/.config/Code/User/workspaceStorage/da6b23b1410fe24d676168ae2a58c4f5/ms-python.python/pythonrc.py', 'CLINE_ACTIVE': 'true', 'XMODIFIERS': '@im=ibus', 'XDG_SESSION_DESKTOP': 'ubuntu', 'XAUTHORITY': '/run/user/1000/.mutter-Xwaylandauth.OIQWK3', 'VSCODE_GIT_IPC_HANDLE': '/run/user/1000/vscode-git-45274601b9.sock', 'GNOME_TERMINAL_SERVICE': ':1.105', 'TERM_PROGRAM': 'vscode', 'SSH_AUTH_SOCK': '/run/user/1000/keyring/ssh', 'AMENT_PREFIX_PATH': '/home/mrhaha/ros2_ws/install/sllidar_ros2:/home/mrhaha/ros2_ws/install/agv_base_controller:/opt/ros/jazzy', 'ORIGINAL_XDG_CURRENT_DESKTOP': 'ubuntu:GNOME', 'SHELL': '/bin/bash', 'QT_ACCESSIBILITY': '1', 'GDMSESSION': 'ubuntu', 'ROS_AUTOMATIC_DISCOVERY_RANGE': 'SUBNET', 'VSCODE_GIT_ASKPASS_EXTRA_ARGS': '', 'QT_IM_MODULE': 'ibus', 'PWD': '/home/mrhaha/ros2_ws/build/agv_base_controller', 'XDG_CONFIG_DIRS': '/etc/xdg/xdg-ubuntu:/etc/xdg', 'XDG_DATA_DIRS': '/usr/share/ubuntu:/usr/share/gnome:/usr/local/share/:/usr/share/:/var/lib/snapd/desktop', 'PYTHONPATH': '/home/mrhaha/ros2_ws/build/agv_base_controller/prefix_override:/usr/lib/python3/dist-packages/colcon_core/task/python/colcon_distutils_commands:/home/mrhaha/ros2_ws/install/agv_base_controller/lib/python3.12/site-packages:/home/mrhaha/ros2_ws/build/agv_base_controller:/home/mrhaha/ros2_ws/install/agv_base_controller/lib/python3.12/site-packages:/opt/ros/jazzy/lib/python3.12/site-packages', 'COLCON': '1', 'MEMORY_PRESSURE_WRITE': 'c29tZSAyMDAwMDAgMjAwMDAwMAA=', 'VTE_VERSION': '7600', 'CMAKE_PREFIX_PATH': '/home/mrhaha/ros2_ws/install/sllidar_ros2:/opt/ros/jazzy/opt/gz_math_vendor:/opt/ros/jazzy/opt/gz_utils_vendor:/opt/ros/jazzy/opt/gz_cmake_vendor'}, 'shell': False}
[1.408598] (-) TimerEvent: {}
[1.509279] (-) TimerEvent: {}
[1.584846] (agv_base_controller) StdoutLine: {'line': b'running egg_info\n'}
[1.597966] (agv_base_controller) StdoutLine: {'line': b'writing ../../build/agv_base_controller/agv_base_controller.egg-info/PKG-INFO\n'}
[1.599226] (agv_base_controller) StdoutLine: {'line': b'writing dependency_links to ../../build/agv_base_controller/agv_base_controller.egg-info/dependency_links.txt\n'}
[1.599330] (agv_base_controller) StdoutLine: {'line': b'writing entry points to ../../build/agv_base_controller/agv_base_controller.egg-info/entry_points.txt\n'}
[1.599424] (agv_base_controller) StdoutLine: {'line': b'writing requirements to ../../build/agv_base_controller/agv_base_controller.egg-info/requires.txt\n'}
[1.599476] (agv_base_controller) StdoutLine: {'line': b'writing top-level names to ../../build/agv_base_controller/agv_base_controller.egg-info/top_level.txt\n'}
[1.609313] (-) TimerEvent: {}
[1.626984] (agv_base_controller) StdoutLine: {'line': b"reading manifest file '../../build/agv_base_controller/agv_base_controller.egg-info/SOURCES.txt'\n"}
[1.628132] (agv_base_controller) StdoutLine: {'line': b"writing manifest file '../../build/agv_base_controller/agv_base_controller.egg-info/SOURCES.txt'\n"}
[1.628438] (agv_base_controller) StdoutLine: {'line': b'running build\n'}
[1.628541] (agv_base_controller) StdoutLine: {'line': b'running build_py\n'}
[1.628775] (agv_base_controller) StdoutLine: {'line': b'creating /home/mrhaha/ros2_ws/build/agv_base_controller/build\n'}
[1.629076] (agv_base_controller) StdoutLine: {'line': b'creating /home/mrhaha/ros2_ws/build/agv_base_controller/build/lib\n'}
[1.629154] (agv_base_controller) StdoutLine: {'line': b'creating /home/mrhaha/ros2_ws/build/agv_base_controller/build/lib/agv_base_controller\n'}
[1.629263] (agv_base_controller) StdoutLine: {'line': b'copying agv_base_controller/imu_udp_bridge.py -> /home/mrhaha/ros2_ws/build/agv_base_controller/build/lib/agv_base_controller\n'}
[1.629318] (agv_base_controller) StdoutLine: {'line': b'copying agv_base_controller/simple_goto_controller.py -> /home/mrhaha/ros2_ws/build/agv_base_controller/build/lib/agv_base_controller\n'}
[1.629367] (agv_base_controller) StdoutLine: {'line': b'copying agv_base_controller/__init__.py -> /home/mrhaha/ros2_ws/build/agv_base_controller/build/lib/agv_base_controller\n'}
[1.629478] (agv_base_controller) StdoutLine: {'line': b'copying agv_base_controller/udp_bridge_node.py -> /home/mrhaha/ros2_ws/build/agv_base_controller/build/lib/agv_base_controller\n'}
[1.629650] (agv_base_controller) StdoutLine: {'line': b'running install\n'}
[1.634644] (agv_base_controller) StdoutLine: {'line': b'running install_lib\n'}
[1.649883] (agv_base_controller) StdoutLine: {'line': b'creating /home/mrhaha/ros2_ws/install/agv_base_controller/lib/python3.12/site-packages/agv_base_controller\n'}
[1.650153] (agv_base_controller) StdoutLine: {'line': b'copying /home/mrhaha/ros2_ws/build/agv_base_controller/build/lib/agv_base_controller/imu_udp_bridge.py -> /home/mrhaha/ros2_ws/install/agv_base_controller/lib/python3.12/site-packages/agv_base_controller\n'}
[1.650274] (agv_base_controller) StdoutLine: {'line': b'copying /home/mrhaha/ros2_ws/build/agv_base_controller/build/lib/agv_base_controller/simple_goto_controller.py -> /home/mrhaha/ros2_ws/install/agv_base_controller/lib/python3.12/site-packages/agv_base_controller\n'}
[1.650463] (agv_base_controller) StdoutLine: {'line': b'copying /home/mrhaha/ros2_ws/build/agv_base_controller/build/lib/agv_base_controller/__init__.py -> /home/mrhaha/ros2_ws/install/agv_base_controller/lib/python3.12/site-packages/agv_base_controller\n'}
[1.650526] (agv_base_controller) StdoutLine: {'line': b'copying /home/mrhaha/ros2_ws/build/agv_base_controller/build/lib/agv_base_controller/udp_bridge_node.py -> /home/mrhaha/ros2_ws/install/agv_base_controller/lib/python3.12/site-packages/agv_base_controller\n'}
[1.651006] (agv_base_controller) StdoutLine: {'line': b'byte-compiling /home/mrhaha/ros2_ws/install/agv_base_controller/lib/python3.12/site-packages/agv_base_controller/imu_udp_bridge.py to imu_udp_bridge.cpython-312.pyc\n'}
[1.652002] (agv_base_controller) StdoutLine: {'line': b'byte-compiling /home/mrhaha/ros2_ws/install/agv_base_controller/lib/python3.12/site-packages/agv_base_controller/simple_goto_controller.py to simple_goto_controller.cpython-312.pyc\n'}
[1.653301] (agv_base_controller) StdoutLine: {'line': b'byte-compiling /home/mrhaha/ros2_ws/install/agv_base_controller/lib/python3.12/site-packages/agv_base_controller/__init__.py to __init__.cpython-312.pyc\n'}
[1.653496] (agv_base_controller) StdoutLine: {'line': b'byte-compiling /home/mrhaha/ros2_ws/install/agv_base_controller/lib/python3.12/site-packages/agv_base_controller/udp_bridge_node.py to udp_bridge_node.cpython-312.pyc\n'}
[1.655698] (agv_base_controller) StdoutLine: {'line': b'running install_data\n'}
[1.656054] (agv_base_controller) StdoutLine: {'line': b'copying resource/agv_base_controller -> /home/mrhaha/ros2_ws/install/agv_base_controller/share/ament_index/resource_index/packages\n'}
[1.656134] (agv_base_controller) StdoutLine: {'line': b'copying package.xml -> /home/mrhaha/ros2_ws/install/agv_base_controller/share/agv_base_controller\n'}
[1.656183] (agv_base_controller) StdoutLine: {'line': b'creating /home/mrhaha/ros2_ws/install/agv_base_controller/share/agv_base_controller/launch\n'}
[1.656272] (agv_base_controller) StdoutLine: {'line': b'copying launch/bringup.launch.py -> /home/mrhaha/ros2_ws/install/agv_base_controller/share/agv_base_controller/launch\n'}
[1.656353] (agv_base_controller) StdoutLine: {'line': b'creating /home/mrhaha/ros2_ws/install/agv_base_controller/share/agv_base_controller/urdf\n'}
[1.656410] (agv_base_controller) StdoutLine: {'line': b'copying urdf/agv.urdf -> /home/mrhaha/ros2_ws/install/agv_base_controller/share/agv_base_controller/urdf\n'}
[1.656466] (agv_base_controller) StdoutLine: {'line': b'running install_egg_info\n'}
[1.671677] (agv_base_controller) StdoutLine: {'line': b'Copying ../../build/agv_base_controller/agv_base_controller.egg-info to /home/mrhaha/ros2_ws/install/agv_base_controller/lib/python3.12/site-packages/agv_base_controller-0.0.0-py3.12.egg-info\n'}
[1.672990] (agv_base_controller) StdoutLine: {'line': b'running install_scripts\n'}
[1.709411] (-) TimerEvent: {}
[1.776662] (agv_base_controller) StdoutLine: {'line': b'Installing imu_udp_bridge script to /home/mrhaha/ros2_ws/install/agv_base_controller/lib/agv_base_controller\n'}
[1.777123] (agv_base_controller) StdoutLine: {'line': b'Installing simple_goto_controller script to /home/mrhaha/ros2_ws/install/agv_base_controller/lib/agv_base_controller\n'}
[1.777343] (agv_base_controller) StdoutLine: {'line': b'Installing udp_bridge_node script to /home/mrhaha/ros2_ws/install/agv_base_controller/lib/agv_base_controller\n'}
[1.777641] (agv_base_controller) StdoutLine: {'line': b"writing list of installed files to '/home/mrhaha/ros2_ws/build/agv_base_controller/install.log'\n"}
[1.799572] (agv_base_controller) CommandEnded: {'returncode': 0}
[1.809639] (-) TimerEvent: {}
[1.813005] (agv_base_controller) JobEnded: {'identifier': 'agv_base_controller', 'rc': 0}
[1.813704] (-) EventReactorShutdown: {}
