running develop
running egg_info
creating agv_base_controller.egg-info
writing agv_base_controller.egg-info/PKG-INFO
writing dependency_links to agv_base_controller.egg-info/dependency_links.txt
writing entry points to agv_base_controller.egg-info/entry_points.txt
writing requirements to agv_base_controller.egg-info/requires.txt
writing top-level names to agv_base_controller.egg-info/top_level.txt
writing manifest file 'agv_base_controller.egg-info/SOURCES.txt'
reading manifest file 'agv_base_controller.egg-info/SOURCES.txt'
writing manifest file 'agv_base_controller.egg-info/SOURCES.txt'
running build_ext
Creating /home/mrhaha/ros2_ws/install/agv_base_controller/lib/python3.12/site-packages/agv-base-controller.egg-link (link to .)
Installing simple_goto_controller script to /home/mrhaha/ros2_ws/install/agv_base_controller/lib/agv_base_controller
Installing udp_bridge_node script to /home/mrhaha/ros2_ws/install/agv_base_controller/lib/agv_base_controller

Installed /home/mrhaha/ros2_ws/build/agv_base_controller
running symlink_data
creating /home/mrhaha/ros2_ws/install/agv_base_controller/share/ament_index
creating /home/mrhaha/ros2_ws/install/agv_base_controller/share/ament_index/resource_index
creating /home/mrhaha/ros2_ws/install/agv_base_controller/share/ament_index/resource_index/packages
symbolically linking /home/mrhaha/ros2_ws/build/agv_base_controller/resource/agv_base_controller -> /home/mrhaha/ros2_ws/install/agv_base_controller/share/ament_index/resource_index/packages
symbolically linking /home/mrhaha/ros2_ws/build/agv_base_controller/package.xml -> /home/mrhaha/ros2_ws/install/agv_base_controller/share/agv_base_controller
