[0.000000] (-) TimerEvent: {}
[0.000138] (-) JobUnselected: {'identifier': 'sllidar_ros2'}
[0.000183] (agv_base_controller) JobQueued: {'identifier': 'agv_base_controller', 'dependencies': OrderedDict()}
[0.000210] (agv_base_controller) JobStarted: {'identifier': 'agv_base_controller'}
[0.099869] (-) TimerEvent: {}
[0.200706] (-) TimerEvent: {}
[0.302835] (-) TimerEvent: {}
[0.404711] (-) TimerEvent: {}
[0.506788] (-) TimerEvent: {}
[0.608726] (-) TimerEvent: {}
[0.625278] (agv_base_controller) Command: {'cmd': ['/usr/bin/python3', '-W', 'ignore:setup.py install is deprecated', '-W', 'ignore:easy_install command is deprecated', 'setup.py', 'egg_info', '--egg-base', '../../build/agv_base_controller', 'build', '--build-base', '/home/mrhaha/ros2_ws/build/agv_base_controller/build', 'install', '--record', '/home/mrhaha/ros2_ws/build/agv_base_controller/install.log', '--single-version-externally-managed', 'install_data'], 'cwd': '/home/mrhaha/ros2_ws/src/agv_base_controller', 'env': {'USER': 'mrhaha', 'GZ_CONFIG_PATH': '/opt/ros/jazzy/opt/gz_sim_vendor/share/gz:/opt/ros/jazzy/opt/sdformat_vendor/share/gz:/opt/ros/jazzy/opt/gz_gui_vendor/share/gz:/opt/ros/jazzy/opt/gz_transport_vendor/share/gz:/opt/ros/jazzy/opt/gz_rendering_vendor/share/gz:/opt/ros/jazzy/opt/gz_plugin_vendor/share/gz:/opt/ros/jazzy/opt/gz_fuel_tools_vendor/share/gz:/opt/ros/jazzy/opt/gz_msgs_vendor/share/gz:/opt/ros/jazzy/opt/gz_common_vendor/share/gz', 'XDG_SESSION_TYPE': 'wayland', 'CLUTTER_DISABLE_MIPMAPPED_TEXT': '1', 'SHLVL': '1', 'LD_LIBRARY_PATH': '/opt/ros/jazzy/opt/gz_sim_vendor/lib:/opt/ros/jazzy/opt/gz_sensors_vendor/lib:/opt/ros/jazzy/opt/gz_physics_vendor/lib:/opt/ros/jazzy/opt/sdformat_vendor/lib:/opt/ros/jazzy/opt/rviz_ogre_vendor/lib:/opt/ros/jazzy/lib/x86_64-linux-gnu:/opt/ros/jazzy/opt/gz_gui_vendor/lib:/opt/ros/jazzy/opt/gz_transport_vendor/lib:/opt/ros/jazzy/opt/gz_rendering_vendor/lib:/opt/ros/jazzy/opt/gz_plugin_vendor/lib:/opt/ros/jazzy/opt/gz_fuel_tools_vendor/lib:/opt/ros/jazzy/opt/gz_msgs_vendor/lib:/opt/ros/jazzy/opt/gz_common_vendor/lib:/opt/ros/jazzy/opt/gz_math_vendor/lib:/opt/ros/jazzy/opt/gz_utils_vendor/lib:/opt/ros/jazzy/opt/gz_tools_vendor/lib:/opt/ros/jazzy/opt/gz_ogre_next_vendor/lib:/opt/ros/jazzy/opt/gz_dartsim_vendor/lib:/opt/ros/jazzy/opt/gz_cmake_vendor/lib:/opt/ros/jazzy/lib', 'HOME': '/home/mrhaha', 'OLDPWD': '/home/mrhaha', 'DESKTOP_SESSION': 'ubuntu', 'ROS_PYTHON_VERSION': '3', 'GNOME_SHELL_SESSION_MODE': 'ubuntu', 'GTK_MODULES': 'gail:atk-bridge', 'SYSTEMD_EXEC_PID': '2250', 'GSM_SKIP_SSH_AGENT_WORKAROUND': 'true', 'DBUS_SESSION_BUS_ADDRESS': 'unix:path=/run/user/1000/bus', 'COLORTERM': 'truecolor', 'DEBUGINFOD_URLS': 'https://debuginfod.ubuntu.com', 'IM_CONFIG_PHASE': '1', 'WAYLAND_DISPLAY': 'wayland-0', 'COLCON_PREFIX_PATH': '/home/mrhaha/ros2_ws/install', 'ROS_DISTRO': 'jazzy', 'LOGNAME': 'mrhaha', '_': '/usr/bin/colcon', 'ROS_VERSION': '2', 'MEMORY_PRESSURE_WATCH': '/sys/fs/cgroup/user.slice/user-1000.slice/user@1000.service/session.slice/org.gnome.Shell@wayland.service/memory.pressure', 'XDG_SESSION_CLASS': 'user', 'USERNAME': 'mrhaha', 'TERM': 'xterm-256color', 'GNOME_DESKTOP_SESSION_ID': 'this-is-deprecated', 'PATH': '/opt/ros/jazzy/opt/gz_msgs_vendor/bin:/opt/ros/jazzy/opt/gz_tools_vendor/bin:/opt/ros/jazzy/opt/gz_ogre_next_vendor/bin:/opt/ros/jazzy/bin:/usr/local/sbin:/usr/local/bin:/usr/sbin:/usr/bin:/sbin:/bin:/usr/games:/usr/local/games:/snap/bin:/snap/bin:/home/mrhaha/.local/bin:/home/mrhaha/.local/bin', 'SESSION_MANAGER': 'local/mrhaha-VMware-Virtual-Platform:@/tmp/.ICE-unix/2197,unix/mrhaha-VMware-Virtual-Platform:/tmp/.ICE-unix/2197', 'XDG_MENU_PREFIX': 'gnome-', 'GNOME_TERMINAL_SCREEN': '/org/gnome/Terminal/screen/b0ce1698_a95d_404b_88e1_3f47588f0e1f', 'GNOME_SETUP_DISPLAY': ':1', 'XDG_RUNTIME_DIR': '/run/user/1000', 'DISPLAY': ':0', 'LANG': 'en_US.UTF-8', 'XDG_CURRENT_DESKTOP': 'ubuntu:GNOME', 'XMODIFIERS': '@im=ibus', 'XDG_SESSION_DESKTOP': 'ubuntu', 'XAUTHORITY': '/run/user/1000/.mutter-Xwaylandauth.UQYBM3', 'GNOME_TERMINAL_SERVICE': ':1.154', 'SSH_AUTH_SOCK': '/run/user/1000/keyring/ssh', 'AMENT_PREFIX_PATH': '/home/mrhaha/ros2_ws/install/sllidar_ros2:/home/mrhaha/ros2_ws/install/agv_base_controller:/opt/ros/jazzy', 'SHELL': '/bin/bash', 'QT_ACCESSIBILITY': '1', 'GDMSESSION': 'ubuntu', 'ROS_AUTOMATIC_DISCOVERY_RANGE': 'SUBNET', 'QT_IM_MODULE': 'ibus', 'PWD': '/home/mrhaha/ros2_ws/build/agv_base_controller', 'XDG_CONFIG_DIRS': '/etc/xdg/xdg-ubuntu:/etc/xdg', 'XDG_DATA_DIRS': '/usr/share/ubuntu:/usr/share/gnome:/usr/local/share/:/usr/share/:/var/lib/snapd/desktop', 'PYTHONPATH': '/home/mrhaha/ros2_ws/build/agv_base_controller/prefix_override:/usr/lib/python3/dist-packages/colcon_core/task/python/colcon_distutils_commands:/home/mrhaha/ros2_ws/install/agv_base_controller/lib/python3.12/site-packages:/home/mrhaha/ros2_ws/install/agv_base_controller/lib/python3.12/site-packages:/opt/ros/jazzy/lib/python3.12/site-packages', 'COLCON': '1', 'MEMORY_PRESSURE_WRITE': 'c29tZSAyMDAwMDAgMjAwMDAwMAA=', 'VTE_VERSION': '7600', 'CMAKE_PREFIX_PATH': '/home/mrhaha/ros2_ws/install/sllidar_ros2:/opt/ros/jazzy/opt/gz_sim_vendor:/opt/ros/jazzy/opt/gz_sensors_vendor:/opt/ros/jazzy/opt/gz_physics_vendor:/opt/ros/jazzy/opt/sdformat_vendor:/opt/ros/jazzy/opt/gz_gui_vendor:/opt/ros/jazzy/opt/gz_transport_vendor:/opt/ros/jazzy/opt/gz_rendering_vendor:/opt/ros/jazzy/opt/gz_plugin_vendor:/opt/ros/jazzy/opt/gz_fuel_tools_vendor:/opt/ros/jazzy/opt/gz_msgs_vendor:/opt/ros/jazzy/opt/gz_common_vendor:/opt/ros/jazzy/opt/gz_math_vendor:/opt/ros/jazzy/opt/gz_utils_vendor:/opt/ros/jazzy/opt/gz_tools_vendor:/opt/ros/jazzy/opt/gz_ogre_next_vendor:/opt/ros/jazzy/opt/gz_dartsim_vendor:/opt/ros/jazzy/opt/gz_cmake_vendor'}, 'shell': False}
[0.709130] (-) TimerEvent: {}
[0.810981] (-) TimerEvent: {}
[0.830882] (agv_base_controller) StdoutLine: {'line': b'running egg_info\n'}
[0.845001] (agv_base_controller) StdoutLine: {'line': b'writing ../../build/agv_base_controller/agv_base_controller.egg-info/PKG-INFO\n'}
[0.846505] (agv_base_controller) StdoutLine: {'line': b'writing dependency_links to ../../build/agv_base_controller/agv_base_controller.egg-info/dependency_links.txt\n'}
[0.846622] (agv_base_controller) StdoutLine: {'line': b'writing entry points to ../../build/agv_base_controller/agv_base_controller.egg-info/entry_points.txt\n'}
[0.846674] (agv_base_controller) StdoutLine: {'line': b'writing requirements to ../../build/agv_base_controller/agv_base_controller.egg-info/requires.txt\n'}
[0.846723] (agv_base_controller) StdoutLine: {'line': b'writing top-level names to ../../build/agv_base_controller/agv_base_controller.egg-info/top_level.txt\n'}
[0.874642] (agv_base_controller) StdoutLine: {'line': b"reading manifest file '../../build/agv_base_controller/agv_base_controller.egg-info/SOURCES.txt'\n"}
[0.875423] (agv_base_controller) StdoutLine: {'line': b"writing manifest file '../../build/agv_base_controller/agv_base_controller.egg-info/SOURCES.txt'\n"}
[0.876085] (agv_base_controller) StdoutLine: {'line': b'running build\n'}
[0.876170] (agv_base_controller) StdoutLine: {'line': b'running build_py\n'}
[0.876222] (agv_base_controller) StdoutLine: {'line': b'running install\n'}
[0.880623] (agv_base_controller) StdoutLine: {'line': b'running install_lib\n'}
[0.895357] (agv_base_controller) StdoutLine: {'line': b'running install_data\n'}
[0.896236] (agv_base_controller) StdoutLine: {'line': b'copying config/slam_toolbox_params.yaml -> /home/mrhaha/ros2_ws/install/agv_base_controller/share/agv_base_controller/config\n'}
[0.896329] (agv_base_controller) StdoutLine: {'line': b'running install_egg_info\n'}
[0.911137] (agv_base_controller) StdoutLine: {'line': b"removing '/home/mrhaha/ros2_ws/install/agv_base_controller/lib/python3.12/site-packages/agv_base_controller-0.0.0-py3.12.egg-info' (and everything under it)\n"}
[0.911283] (-) TimerEvent: {}
[0.914103] (agv_base_controller) StdoutLine: {'line': b'Copying ../../build/agv_base_controller/agv_base_controller.egg-info to /home/mrhaha/ros2_ws/install/agv_base_controller/lib/python3.12/site-packages/agv_base_controller-0.0.0-py3.12.egg-info\n'}
[0.914600] (agv_base_controller) StdoutLine: {'line': b'running install_scripts\n'}
[1.012046] (-) TimerEvent: {}
[1.015682] (agv_base_controller) StdoutLine: {'line': b'Installing imu_udp_bridge script to /home/mrhaha/ros2_ws/install/agv_base_controller/lib/agv_base_controller\n'}
[1.017293] (agv_base_controller) StdoutLine: {'line': b'Installing log_odom_speed script to /home/mrhaha/ros2_ws/install/agv_base_controller/lib/agv_base_controller\n'}
[1.017405] (agv_base_controller) StdoutLine: {'line': b'Installing simple_goto_controller script to /home/mrhaha/ros2_ws/install/agv_base_controller/lib/agv_base_controller\n'}
[1.017458] (agv_base_controller) StdoutLine: {'line': b'Installing udp_bridge_node script to /home/mrhaha/ros2_ws/install/agv_base_controller/lib/agv_base_controller\n'}
[1.017505] (agv_base_controller) StdoutLine: {'line': b"writing list of installed files to '/home/mrhaha/ros2_ws/build/agv_base_controller/install.log'\n"}
[1.039589] (agv_base_controller) CommandEnded: {'returncode': 0}
[1.052870] (agv_base_controller) JobEnded: {'identifier': 'agv_base_controller', 'rc': 0}
[1.053962] (-) EventReactorShutdown: {}
