[0.000000] (-) TimerEvent: {}
[0.000644] (-) JobUnselected: {'identifier': 'sllidar_ros2'}
[0.000750] (agv_base_controller) JobQueued: {'identifier': 'agv_base_controller', 'dependencies': OrderedDict()}
[0.000781] (agv_base_controller) JobStarted: {'identifier': 'agv_base_controller'}
[0.100387] (-) TimerEvent: {}
[0.201585] (-) TimerEvent: {}
[0.302602] (-) TimerEvent: {}
[0.405206] (-) TimerEvent: {}
[0.507158] (-) TimerEvent: {}
[0.609593] (-) TimerEvent: {}
[0.710855] (-) TimerEvent: {}
[0.811922] (-) TimerEvent: {}
[0.897800] (agv_base_controller) Command: {'cmd': ['/usr/bin/python3', '-W', 'ignore:setup.py install is deprecated', '-W', 'ignore:easy_install command is deprecated', 'setup.py', 'develop', '--uninstall', '--editable', '--build-directory', '/home/mrhaha/ros2_ws/build/agv_base_controller/build'], 'cwd': '/home/mrhaha/ros2_ws/build/agv_base_controller', 'env': {'USER': 'mrhaha', 'XDG_SESSION_TYPE': 'wayland', 'CLUTTER_DISABLE_MIPMAPPED_TEXT': '1', 'SHLVL': '1', 'LD_LIBRARY_PATH': '/opt/ros/jazzy/opt/rviz_ogre_vendor/lib:/opt/ros/jazzy/lib/x86_64-linux-gnu:/opt/ros/jazzy/opt/gz_math_vendor/lib:/opt/ros/jazzy/opt/gz_utils_vendor/lib:/opt/ros/jazzy/opt/gz_cmake_vendor/lib:/opt/ros/jazzy/lib', 'HOME': '/home/mrhaha', 'OLDPWD': '/home/mrhaha/ros2_ws', 'DESKTOP_SESSION': 'ubuntu', 'ROS_PYTHON_VERSION': '3', 'GNOME_SHELL_SESSION_MODE': 'ubuntu', 'GTK_MODULES': 'gail:atk-bridge', 'SYSTEMD_EXEC_PID': '2250', 'GSM_SKIP_SSH_AGENT_WORKAROUND': 'true', 'DBUS_SESSION_BUS_ADDRESS': 'unix:path=/run/user/1000/bus', 'COLORTERM': 'truecolor', 'DEBUGINFOD_URLS': 'https://debuginfod.ubuntu.com', 'IM_CONFIG_PHASE': '1', 'WAYLAND_DISPLAY': 'wayland-0', 'COLCON_PREFIX_PATH': '/home/mrhaha/ros2_ws/install', 'ROS_DISTRO': 'jazzy', 'LOGNAME': 'mrhaha', '_': '/usr/bin/colcon', 'ROS_VERSION': '2', 'MEMORY_PRESSURE_WATCH': '/sys/fs/cgroup/user.slice/user-1000.slice/user@1000.service/session.slice/org.gnome.Shell@wayland.service/memory.pressure', 'XDG_SESSION_CLASS': 'user', 'USERNAME': 'mrhaha', 'TERM': 'xterm-256color', 'GNOME_DESKTOP_SESSION_ID': 'this-is-deprecated', 'PATH': '/opt/ros/jazzy/bin:/usr/local/sbin:/usr/local/bin:/usr/sbin:/usr/bin:/sbin:/bin:/usr/games:/usr/local/games:/snap/bin:/snap/bin:/home/mrhaha/.local/bin:/home/mrhaha/.local/bin', 'SESSION_MANAGER': 'local/mrhaha-VMware-Virtual-Platform:@/tmp/.ICE-unix/2197,unix/mrhaha-VMware-Virtual-Platform:/tmp/.ICE-unix/2197', 'XDG_MENU_PREFIX': 'gnome-', 'GNOME_TERMINAL_SCREEN': '/org/gnome/Terminal/screen/1be69495_d422_436d_9461_e1f87a6704b9', 'GNOME_SETUP_DISPLAY': ':1', 'XDG_RUNTIME_DIR': '/run/user/1000', 'DISPLAY': ':0', 'LANG': 'en_US.UTF-8', 'XDG_CURRENT_DESKTOP': 'ubuntu:GNOME', 'XMODIFIERS': '@im=ibus', 'XDG_SESSION_DESKTOP': 'ubuntu', 'XAUTHORITY': '/run/user/1000/.mutter-Xwaylandauth.UQYBM3', 'GNOME_TERMINAL_SERVICE': ':1.105', 'SSH_AUTH_SOCK': '/run/user/1000/keyring/ssh', 'AMENT_PREFIX_PATH': '/home/mrhaha/ros2_ws/install/sllidar_ros2:/home/mrhaha/ros2_ws/install/agv_base_controller:/opt/ros/jazzy', 'SHELL': '/bin/bash', 'QT_ACCESSIBILITY': '1', 'GDMSESSION': 'ubuntu', 'ROS_AUTOMATIC_DISCOVERY_RANGE': 'SUBNET', 'QT_IM_MODULE': 'ibus', 'PWD': '/home/mrhaha/ros2_ws/build/agv_base_controller', 'XDG_CONFIG_DIRS': '/etc/xdg/xdg-ubuntu:/etc/xdg', 'XDG_DATA_DIRS': '/usr/share/ubuntu:/usr/share/gnome:/usr/local/share/:/usr/share/:/var/lib/snapd/desktop', 'PYTHONPATH': '/home/mrhaha/ros2_ws/build/agv_base_controller/prefix_override:/usr/lib/python3/dist-packages/colcon_core/task/python/colcon_distutils_commands:/home/mrhaha/ros2_ws/install/agv_base_controller/lib/python3.12/site-packages:/home/mrhaha/ros2_ws/build/agv_base_controller:/home/mrhaha/ros2_ws/install/agv_base_controller/lib/python3.12/site-packages:/opt/ros/jazzy/lib/python3.12/site-packages', 'COLCON': '1', 'MEMORY_PRESSURE_WRITE': 'c29tZSAyMDAwMDAgMjAwMDAwMAA=', 'VTE_VERSION': '7600', 'CMAKE_PREFIX_PATH': '/home/mrhaha/ros2_ws/install/sllidar_ros2:/opt/ros/jazzy/opt/gz_math_vendor:/opt/ros/jazzy/opt/gz_utils_vendor:/opt/ros/jazzy/opt/gz_cmake_vendor'}, 'shell': False}
[0.912911] (-) TimerEvent: {}
[1.013827] (-) TimerEvent: {}
[1.114912] (-) TimerEvent: {}
[1.133231] (agv_base_controller) StdoutLine: {'line': b'running develop\n'}
[1.216191] (-) TimerEvent: {}
[1.283635] (agv_base_controller) StdoutLine: {'line': b'Removing /home/mrhaha/ros2_ws/install/agv_base_controller/lib/python3.12/site-packages/agv-base-controller.egg-link (link to .)\n'}
[1.306378] (agv_base_controller) CommandEnded: {'returncode': 0}
[1.306916] (agv_base_controller) Command: {'cmd': ['/usr/bin/python3', '-W', 'ignore:setup.py install is deprecated', '-W', 'ignore:easy_install command is deprecated', 'setup.py', 'egg_info', '--egg-base', '../../build/agv_base_controller', 'build', '--build-base', '/home/mrhaha/ros2_ws/build/agv_base_controller/build', 'install', '--record', '/home/mrhaha/ros2_ws/build/agv_base_controller/install.log', '--single-version-externally-managed', 'install_data', '--force'], 'cwd': '/home/mrhaha/ros2_ws/src/agv_base_controller', 'env': {'USER': 'mrhaha', 'XDG_SESSION_TYPE': 'wayland', 'CLUTTER_DISABLE_MIPMAPPED_TEXT': '1', 'SHLVL': '1', 'LD_LIBRARY_PATH': '/opt/ros/jazzy/opt/rviz_ogre_vendor/lib:/opt/ros/jazzy/lib/x86_64-linux-gnu:/opt/ros/jazzy/opt/gz_math_vendor/lib:/opt/ros/jazzy/opt/gz_utils_vendor/lib:/opt/ros/jazzy/opt/gz_cmake_vendor/lib:/opt/ros/jazzy/lib', 'HOME': '/home/mrhaha', 'OLDPWD': '/home/mrhaha/ros2_ws', 'DESKTOP_SESSION': 'ubuntu', 'ROS_PYTHON_VERSION': '3', 'GNOME_SHELL_SESSION_MODE': 'ubuntu', 'GTK_MODULES': 'gail:atk-bridge', 'SYSTEMD_EXEC_PID': '2250', 'GSM_SKIP_SSH_AGENT_WORKAROUND': 'true', 'DBUS_SESSION_BUS_ADDRESS': 'unix:path=/run/user/1000/bus', 'COLORTERM': 'truecolor', 'DEBUGINFOD_URLS': 'https://debuginfod.ubuntu.com', 'IM_CONFIG_PHASE': '1', 'WAYLAND_DISPLAY': 'wayland-0', 'COLCON_PREFIX_PATH': '/home/mrhaha/ros2_ws/install', 'ROS_DISTRO': 'jazzy', 'LOGNAME': 'mrhaha', '_': '/usr/bin/colcon', 'ROS_VERSION': '2', 'MEMORY_PRESSURE_WATCH': '/sys/fs/cgroup/user.slice/user-1000.slice/user@1000.service/session.slice/org.gnome.Shell@wayland.service/memory.pressure', 'XDG_SESSION_CLASS': 'user', 'USERNAME': 'mrhaha', 'TERM': 'xterm-256color', 'GNOME_DESKTOP_SESSION_ID': 'this-is-deprecated', 'PATH': '/opt/ros/jazzy/bin:/usr/local/sbin:/usr/local/bin:/usr/sbin:/usr/bin:/sbin:/bin:/usr/games:/usr/local/games:/snap/bin:/snap/bin:/home/mrhaha/.local/bin:/home/mrhaha/.local/bin', 'SESSION_MANAGER': 'local/mrhaha-VMware-Virtual-Platform:@/tmp/.ICE-unix/2197,unix/mrhaha-VMware-Virtual-Platform:/tmp/.ICE-unix/2197', 'XDG_MENU_PREFIX': 'gnome-', 'GNOME_TERMINAL_SCREEN': '/org/gnome/Terminal/screen/1be69495_d422_436d_9461_e1f87a6704b9', 'GNOME_SETUP_DISPLAY': ':1', 'XDG_RUNTIME_DIR': '/run/user/1000', 'DISPLAY': ':0', 'LANG': 'en_US.UTF-8', 'XDG_CURRENT_DESKTOP': 'ubuntu:GNOME', 'XMODIFIERS': '@im=ibus', 'XDG_SESSION_DESKTOP': 'ubuntu', 'XAUTHORITY': '/run/user/1000/.mutter-Xwaylandauth.UQYBM3', 'GNOME_TERMINAL_SERVICE': ':1.105', 'SSH_AUTH_SOCK': '/run/user/1000/keyring/ssh', 'AMENT_PREFIX_PATH': '/home/mrhaha/ros2_ws/install/sllidar_ros2:/home/mrhaha/ros2_ws/install/agv_base_controller:/opt/ros/jazzy', 'SHELL': '/bin/bash', 'QT_ACCESSIBILITY': '1', 'GDMSESSION': 'ubuntu', 'ROS_AUTOMATIC_DISCOVERY_RANGE': 'SUBNET', 'QT_IM_MODULE': 'ibus', 'PWD': '/home/mrhaha/ros2_ws/build/agv_base_controller', 'XDG_CONFIG_DIRS': '/etc/xdg/xdg-ubuntu:/etc/xdg', 'XDG_DATA_DIRS': '/usr/share/ubuntu:/usr/share/gnome:/usr/local/share/:/usr/share/:/var/lib/snapd/desktop', 'PYTHONPATH': '/home/mrhaha/ros2_ws/build/agv_base_controller/prefix_override:/usr/lib/python3/dist-packages/colcon_core/task/python/colcon_distutils_commands:/home/mrhaha/ros2_ws/install/agv_base_controller/lib/python3.12/site-packages:/home/mrhaha/ros2_ws/build/agv_base_controller:/home/mrhaha/ros2_ws/install/agv_base_controller/lib/python3.12/site-packages:/opt/ros/jazzy/lib/python3.12/site-packages', 'COLCON': '1', 'MEMORY_PRESSURE_WRITE': 'c29tZSAyMDAwMDAgMjAwMDAwMAA=', 'VTE_VERSION': '7600', 'CMAKE_PREFIX_PATH': '/home/mrhaha/ros2_ws/install/sllidar_ros2:/opt/ros/jazzy/opt/gz_math_vendor:/opt/ros/jazzy/opt/gz_utils_vendor:/opt/ros/jazzy/opt/gz_cmake_vendor'}, 'shell': False}
[1.317079] (-) TimerEvent: {}
[1.418150] (-) TimerEvent: {}
[1.509623] (agv_base_controller) StdoutLine: {'line': b'running egg_info\n'}
[1.519091] (-) TimerEvent: {}
[1.523366] (agv_base_controller) StdoutLine: {'line': b'writing ../../build/agv_base_controller/agv_base_controller.egg-info/PKG-INFO\n'}
[1.523926] (agv_base_controller) StdoutLine: {'line': b'writing dependency_links to ../../build/agv_base_controller/agv_base_controller.egg-info/dependency_links.txt\n'}
[1.524085] (agv_base_controller) StdoutLine: {'line': b'writing entry points to ../../build/agv_base_controller/agv_base_controller.egg-info/entry_points.txt\n'}
[1.524879] (agv_base_controller) StdoutLine: {'line': b'writing requirements to ../../build/agv_base_controller/agv_base_controller.egg-info/requires.txt\n'}
[1.525014] (agv_base_controller) StdoutLine: {'line': b'writing top-level names to ../../build/agv_base_controller/agv_base_controller.egg-info/top_level.txt\n'}
[1.553358] (agv_base_controller) StdoutLine: {'line': b"reading manifest file '../../build/agv_base_controller/agv_base_controller.egg-info/SOURCES.txt'\n"}
[1.554565] (agv_base_controller) StdoutLine: {'line': b"writing manifest file '../../build/agv_base_controller/agv_base_controller.egg-info/SOURCES.txt'\n"}
[1.554928] (agv_base_controller) StdoutLine: {'line': b'running build\n'}
[1.555012] (agv_base_controller) StdoutLine: {'line': b'running build_py\n'}
[1.555067] (agv_base_controller) StdoutLine: {'line': b'copying agv_base_controller/log_odom_speed.py -> /home/mrhaha/ros2_ws/build/agv_base_controller/build/lib/agv_base_controller\n'}
[1.556142] (agv_base_controller) StdoutLine: {'line': b'copying agv_base_controller/simple_goto_controller.py -> /home/mrhaha/ros2_ws/build/agv_base_controller/build/lib/agv_base_controller\n'}
[1.556225] (agv_base_controller) StdoutLine: {'line': b'copying agv_base_controller/udp_bridge_node.py -> /home/mrhaha/ros2_ws/build/agv_base_controller/build/lib/agv_base_controller\n'}
[1.556277] (agv_base_controller) StdoutLine: {'line': b'running install\n'}
[1.560060] (agv_base_controller) StdoutLine: {'line': b'running install_lib\n'}
[1.574287] (agv_base_controller) StdoutLine: {'line': b'creating /home/mrhaha/ros2_ws/install/agv_base_controller/lib/python3.12/site-packages/agv_base_controller\n'}
[1.574398] (agv_base_controller) StdoutLine: {'line': b'copying /home/mrhaha/ros2_ws/build/agv_base_controller/build/lib/agv_base_controller/imu_udp_bridge.py -> /home/mrhaha/ros2_ws/install/agv_base_controller/lib/python3.12/site-packages/agv_base_controller\n'}
[1.574499] (agv_base_controller) StdoutLine: {'line': b'copying /home/mrhaha/ros2_ws/build/agv_base_controller/build/lib/agv_base_controller/log_odom_speed.py -> /home/mrhaha/ros2_ws/install/agv_base_controller/lib/python3.12/site-packages/agv_base_controller\n'}
[1.575781] (agv_base_controller) StdoutLine: {'line': b'copying /home/mrhaha/ros2_ws/build/agv_base_controller/build/lib/agv_base_controller/simple_goto_controller.py -> /home/mrhaha/ros2_ws/install/agv_base_controller/lib/python3.12/site-packages/agv_base_controller\n'}
[1.575862] (agv_base_controller) StdoutLine: {'line': b'copying /home/mrhaha/ros2_ws/build/agv_base_controller/build/lib/agv_base_controller/__init__.py -> /home/mrhaha/ros2_ws/install/agv_base_controller/lib/python3.12/site-packages/agv_base_controller\n'}
[1.575917] (agv_base_controller) StdoutLine: {'line': b'copying /home/mrhaha/ros2_ws/build/agv_base_controller/build/lib/agv_base_controller/udp_bridge_node.py -> /home/mrhaha/ros2_ws/install/agv_base_controller/lib/python3.12/site-packages/agv_base_controller\n'}
[1.576073] (agv_base_controller) StdoutLine: {'line': b'byte-compiling /home/mrhaha/ros2_ws/install/agv_base_controller/lib/python3.12/site-packages/agv_base_controller/imu_udp_bridge.py to imu_udp_bridge.cpython-312.pyc\n'}
[1.576527] (agv_base_controller) StdoutLine: {'line': b'byte-compiling /home/mrhaha/ros2_ws/install/agv_base_controller/lib/python3.12/site-packages/agv_base_controller/log_odom_speed.py to log_odom_speed.cpython-312.pyc\n'}
[1.577443] (agv_base_controller) StdoutLine: {'line': b'byte-compiling /home/mrhaha/ros2_ws/install/agv_base_controller/lib/python3.12/site-packages/agv_base_controller/simple_goto_controller.py to simple_goto_controller.cpython-312.pyc\n'}
[1.579000] (agv_base_controller) StdoutLine: {'line': b'byte-compiling /home/mrhaha/ros2_ws/install/agv_base_controller/lib/python3.12/site-packages/agv_base_controller/__init__.py to __init__.cpython-312.pyc\n'}
[1.579093] (agv_base_controller) StdoutLine: {'line': b'byte-compiling /home/mrhaha/ros2_ws/install/agv_base_controller/lib/python3.12/site-packages/agv_base_controller/udp_bridge_node.py to udp_bridge_node.cpython-312.pyc\n'}
[1.580175] (agv_base_controller) StdoutLine: {'line': b'running install_data\n'}
[1.581350] (agv_base_controller) StdoutLine: {'line': b'copying resource/agv_base_controller -> /home/mrhaha/ros2_ws/install/agv_base_controller/share/ament_index/resource_index/packages\n'}
[1.581433] (agv_base_controller) StdoutLine: {'line': b'copying package.xml -> /home/mrhaha/ros2_ws/install/agv_base_controller/share/agv_base_controller\n'}
[1.581482] (agv_base_controller) StdoutLine: {'line': b'copying launch/slam_bringup.launch.py -> /home/mrhaha/ros2_ws/install/agv_base_controller/share/agv_base_controller/launch\n'}
[1.581566] (agv_base_controller) StdoutLine: {'line': b'copying urdf/agv.urdf -> /home/mrhaha/ros2_ws/install/agv_base_controller/share/agv_base_controller/urdf\n'}
[1.581621] (agv_base_controller) StdoutLine: {'line': b'creating /home/mrhaha/ros2_ws/install/agv_base_controller/share/agv_base_controller/config\n'}
[1.581696] (agv_base_controller) StdoutLine: {'line': b'copying config/slam_toolbox_params.yaml -> /home/mrhaha/ros2_ws/install/agv_base_controller/share/agv_base_controller/config\n'}
[1.581748] (agv_base_controller) StdoutLine: {'line': b'running install_egg_info\n'}
[1.597057] (agv_base_controller) StdoutLine: {'line': b'Copying ../../build/agv_base_controller/agv_base_controller.egg-info to /home/mrhaha/ros2_ws/install/agv_base_controller/lib/python3.12/site-packages/agv_base_controller-0.0.0-py3.12.egg-info\n'}
[1.598642] (agv_base_controller) StdoutLine: {'line': b'running install_scripts\n'}
[1.620114] (-) TimerEvent: {}
[1.699200] (agv_base_controller) StdoutLine: {'line': b'Installing imu_udp_bridge script to /home/mrhaha/ros2_ws/install/agv_base_controller/lib/agv_base_controller\n'}
[1.700083] (agv_base_controller) StdoutLine: {'line': b'Installing log_odom_speed script to /home/mrhaha/ros2_ws/install/agv_base_controller/lib/agv_base_controller\n'}
[1.700183] (agv_base_controller) StdoutLine: {'line': b'Installing simple_goto_controller script to /home/mrhaha/ros2_ws/install/agv_base_controller/lib/agv_base_controller\n'}
[1.700237] (agv_base_controller) StdoutLine: {'line': b'Installing udp_bridge_node script to /home/mrhaha/ros2_ws/install/agv_base_controller/lib/agv_base_controller\n'}
[1.700308] (agv_base_controller) StdoutLine: {'line': b"writing list of installed files to '/home/mrhaha/ros2_ws/build/agv_base_controller/install.log'\n"}
[1.720113] (agv_base_controller) CommandEnded: {'returncode': 0}
[1.720440] (-) TimerEvent: {}
[1.735725] (agv_base_controller) JobEnded: {'identifier': 'agv_base_controller', 'rc': 0}
[1.736296] (-) EventReactorShutdown: {}
