[0.631s] Invoking command in '/home/mrhaha/ros2_ws/src/agv_base_controller': DEBUGINFOD_URLS=https://debuginfod.ubuntu.com PYTHONPATH=/home/mrhaha/ros2_ws/build/agv_base_controller/prefix_override:/usr/lib/python3/dist-packages/colcon_core/task/python/colcon_distutils_commands:/home/mrhaha/ros2_ws/install/agv_base_controller/lib/python3.12/site-packages:${PYTHONPATH} /usr/bin/python3 -W ignore:setup.py install is deprecated -W ignore:easy_install command is deprecated setup.py egg_info --egg-base ../../build/agv_base_controller build --build-base /home/mrhaha/ros2_ws/build/agv_base_controller/build install --record /home/mrhaha/ros2_ws/build/agv_base_controller/install.log --single-version-externally-managed install_data
[0.826s] running egg_info
[0.841s] writing ../../build/agv_base_controller/agv_base_controller.egg-info/PKG-INFO
[0.841s] writing dependency_links to ../../build/agv_base_controller/agv_base_controller.egg-info/dependency_links.txt
[0.841s] writing entry points to ../../build/agv_base_controller/agv_base_controller.egg-info/entry_points.txt
[0.842s] writing requirements to ../../build/agv_base_controller/agv_base_controller.egg-info/requires.txt
[0.842s] writing top-level names to ../../build/agv_base_controller/agv_base_controller.egg-info/top_level.txt
[0.869s] reading manifest file '../../build/agv_base_controller/agv_base_controller.egg-info/SOURCES.txt'
[0.871s] writing manifest file '../../build/agv_base_controller/agv_base_controller.egg-info/SOURCES.txt'
[0.871s] running build
[0.871s] running build_py
[0.871s] running install
[0.877s] running install_lib
[0.889s] running install_data
[0.889s] copying launch/slam_bringup.launch.py -> /home/mrhaha/ros2_ws/install/agv_base_controller/share/agv_base_controller/launch
[0.889s] running install_egg_info
[0.904s] removing '/home/mrhaha/ros2_ws/install/agv_base_controller/lib/python3.12/site-packages/agv_base_controller-0.0.0-py3.12.egg-info' (and everything under it)
[0.907s] Copying ../../build/agv_base_controller/agv_base_controller.egg-info to /home/mrhaha/ros2_ws/install/agv_base_controller/lib/python3.12/site-packages/agv_base_controller-0.0.0-py3.12.egg-info
[0.909s] running install_scripts
[1.010s] Installing imu_udp_bridge script to /home/mrhaha/ros2_ws/install/agv_base_controller/lib/agv_base_controller
[1.011s] Installing log_odom_speed script to /home/mrhaha/ros2_ws/install/agv_base_controller/lib/agv_base_controller
[1.011s] Installing simple_goto_controller script to /home/mrhaha/ros2_ws/install/agv_base_controller/lib/agv_base_controller
[1.011s] Installing udp_bridge_node script to /home/mrhaha/ros2_ws/install/agv_base_controller/lib/agv_base_controller
[1.011s] writing list of installed files to '/home/mrhaha/ros2_ws/build/agv_base_controller/install.log'
[1.034s] Invoked command in '/home/mrhaha/ros2_ws/src/agv_base_controller' returned '0': DEBUGINFOD_URLS=https://debuginfod.ubuntu.com PYTHONPATH=/home/mrhaha/ros2_ws/build/agv_base_controller/prefix_override:/usr/lib/python3/dist-packages/colcon_core/task/python/colcon_distutils_commands:/home/mrhaha/ros2_ws/install/agv_base_controller/lib/python3.12/site-packages:${PYTHONPATH} /usr/bin/python3 -W ignore:setup.py install is deprecated -W ignore:easy_install command is deprecated setup.py egg_info --egg-base ../../build/agv_base_controller build --build-base /home/mrhaha/ros2_ws/build/agv_base_controller/build install --record /home/mrhaha/ros2_ws/build/agv_base_controller/install.log --single-version-externally-managed install_data
