[1.337s] Invoking command in '/home/mrhaha/ros2_ws/build/agv_base_controller': DEBUGINFOD_URLS=https://debuginfod.ubuntu.com PYTHONPATH=/home/mrhaha/ros2_ws/build/agv_base_controller/prefix_override:/usr/lib/python3/dist-packages/colcon_core/task/python/colcon_distutils_commands:/home/mrhaha/ros2_ws/install/agv_base_controller/lib/python3.12/site-packages:${PYTHONPATH} /usr/bin/python3 -W ignore:setup.py install is deprecated -W ignore:easy_install command is deprecated setup.py develop --editable --build-directory /home/mrhaha/ros2_ws/build/agv_base_controller/build --no-deps symlink_data --force
[1.803s] running develop
[1.979s] running egg_info
[1.995s] writing agv_base_controller.egg-info/PKG-INFO
[1.995s] writing dependency_links to agv_base_controller.egg-info/dependency_links.txt
[1.995s] writing entry points to agv_base_controller.egg-info/entry_points.txt
[1.995s] writing requirements to agv_base_controller.egg-info/requires.txt
[1.997s] writing top-level names to agv_base_controller.egg-info/top_level.txt
[2.027s] reading manifest file 'agv_base_controller.egg-info/SOURCES.txt'
[2.027s] writing manifest file 'agv_base_controller.egg-info/SOURCES.txt'
[2.042s] running build_ext
[2.042s] Creating /home/mrhaha/ros2_ws/install/agv_base_controller/lib/python3.12/site-packages/agv-base-controller.egg-link (link to .)
[2.043s] Installing imu_udp_bridge script to /home/mrhaha/ros2_ws/install/agv_base_controller/lib/agv_base_controller
[2.043s] Installing simple_goto_controller script to /home/mrhaha/ros2_ws/install/agv_base_controller/lib/agv_base_controller
[2.043s] Installing udp_bridge_node script to /home/mrhaha/ros2_ws/install/agv_base_controller/lib/agv_base_controller
[2.044s] 
[2.044s] Installed /home/mrhaha/ros2_ws/build/agv_base_controller
[2.044s] running symlink_data
[2.044s] symbolically linking /home/mrhaha/ros2_ws/build/agv_base_controller/resource/agv_base_controller -> /home/mrhaha/ros2_ws/install/agv_base_controller/share/ament_index/resource_index/packages
[2.044s] symbolically linking /home/mrhaha/ros2_ws/build/agv_base_controller/package.xml -> /home/mrhaha/ros2_ws/install/agv_base_controller/share/agv_base_controller
[2.044s] symbolically linking /home/mrhaha/ros2_ws/build/agv_base_controller/launch/bringup.launch.py -> /home/mrhaha/ros2_ws/install/agv_base_controller/share/agv_base_controller/launch
[2.044s] symbolically linking /home/mrhaha/ros2_ws/build/agv_base_controller/urdf/agv.urdf -> /home/mrhaha/ros2_ws/install/agv_base_controller/share/agv_base_controller/urdf
[2.102s] Invoked command in '/home/mrhaha/ros2_ws/build/agv_base_controller' returned '0': DEBUGINFOD_URLS=https://debuginfod.ubuntu.com PYTHONPATH=/home/mrhaha/ros2_ws/build/agv_base_controller/prefix_override:/usr/lib/python3/dist-packages/colcon_core/task/python/colcon_distutils_commands:/home/mrhaha/ros2_ws/install/agv_base_controller/lib/python3.12/site-packages:${PYTHONPATH} /usr/bin/python3 -W ignore:setup.py install is deprecated -W ignore:easy_install command is deprecated setup.py develop --editable --build-directory /home/mrhaha/ros2_ws/build/agv_base_controller/build --no-deps symlink_data --force
